4.11.2013 - 16:47
32768 Byte are send 
78125 times
0.100000 load average last 15 minutes 
0.190000 load average last 5 minutes
0.630000 load average last minute
CPU time used = 0.000000
1.520255 seconds for Process 0 to send.
1.495490 seconds for Process 0 to send.
1.433378 seconds for Process 0 to send.
1.433340 seconds for Process 0 to send.
1.432787 seconds for Process 0 to send.
1.433181 seconds for Process 0 to send.
1.433274 seconds for Process 0 to send.
1.433424 seconds for Process 0 to send.
1.433498 seconds for Process 0 to send.
1.520323 seconds for Process 1 to receive.
1.495503 seconds for Process 1 to receive.
1.433383 seconds for Process 1 to receive.
1.433344 seconds for Process 1 to receive.
1.432791 seconds for Process 1 to receive.
1.433187 seconds for Process 1 to receive.
1.433280 seconds for Process 1 to receive.
1.433436 seconds for Process 1 to receive.
1.433503 seconds for Process 1 to receive.

everything send correctly