4.11.2013 - 16:47
4096 Byte are send 625000 times = 2,560,000,000
0.220000 load average last 15 minutes 
0.310000 load average last 5 minutes
0.780000 load average last minute
CPU time used = 0.000000
10.187655 seconds for Process 0 to send.
10.012710 seconds for Process 0 to send.
9.602695 seconds for Process 0 to send.
9.607801 seconds for Process 0 to send.
9.328862 seconds for Process 0 to send.
10.278576 seconds for Process 0 to send.
9.608017 seconds for Process 0 to send.
9.196896 seconds for Process 0 to send.
10.275820 seconds for Process 0 to send.
10.187859 seconds for Process 1 to receive.
10.012796 seconds for Process 1 to receive.
9.602677 seconds for Process 1 to receive.
9.607811 seconds for Process 1 to receive.
9.328890 seconds for Process 1 to receive.
10.278560 seconds for Process 1 to receive.
9.608128 seconds for Process 1 to receive.
9.196902 seconds for Process 1 to receive.
10.275719 seconds for Process 1 to receive.

everything send correctly 
