# Prozess 0 von 2 on node4 
# sendmode = 3 1 Send, 2 Ssend, 3 Bsend 
# start Packagesize: 32 cutoff 1000000
# Prozess 1 von 2 on node5 
# sendmode = 3 1 Send, 2 Ssend, 3 Bsend 
# start Packagesize: 32 cutoff 1000000
#11.12.2013 - 11:59
# repeats  packagesize time sendbandwidth varianz receivebandwidth varianz load last: 1min 5min 15min 
20000000 128 8.974125 285264589.085471 0.027749 285264533.760826 0.027750 - 0.780000 0.270000 0.130000 
10000000 256 545.062452 4696709.507574 22.766251 4696710.020972 22.766281 - 1.000000 1.000000 0.960000 
5000000 512 209.450362 12222466.359871 0.404106 12222458.529693 0.404087 - 1.000000 1.000000 0.960000 
2500000 1024 140.604471 18207102.366406 30.099694 18207089.705311 30.099721 - 1.000000 1.000000 0.960000 
1250000 2048 0.837378 3057161581.167183 0.009961 3057016051.171835 0.009955 - 1.000000 1.000000 0.960000 
625000 4096 0.761183 3363184093.689140 0.010526 3363145012.274673 0.010525 - 1.000000 1.000000 0.960000 
312500 8192 0.711046 3600331323.536803 0.008363 3600281345.478386 0.008365 - 1.000000 1.000000 0.960000 
156250 16384 1.963397 1303862941.498336 0.000108 1303859838.231990 0.000111 - 1.000000 1.000000 0.960000 
78125 32768 1.429036 1791417763.088031 0.000056 1791409035.894271 0.000055 - 1.000000 1.000000 0.960000 
39062 65536 1.137129 2251253913.969278 0.000101 2251230266.328761 0.000103 - 1.000000 1.000000 0.960000 
19531 131072 0.898207 2850085596.167402 0.000058 2849891712.798659 0.000081 - 1.000000 1.000000 0.960000 
9765 262144 0.784629 3262481208.504311 0.000036 3262356700.569847 0.000062 - 1.000000 1.000000 0.960000 
4882 524288 0.724091 3534880994.491002 0.000026 3534604120.333848 0.000083 - 1.000000 1.000000 0.960000 
2441 1048576 0.692955 3693709902.460094 0.000035 3693144201.901679 0.000145 - 1.000000 1.000000 0.960000 
1220 2097152 0.802419 3188514220.087779 0.000119 3187706399.080739 0.000188 - 1.000000 1.000000 0.960000 
