# Prozess 0 von 2 on node0 
# sendmode = 1 1 Send, 2 Ssend, 3 Bsend 
# start Packagesize: 32 cutoff 1000000
# Prozess 1 von 2 on node1 
# sendmode = 1 1 Send, 2 Ssend, 3 Bsend 
# start Packagesize: 32 cutoff 1000000
#11.12.2013 - 11:34
# repeats  packagesize time sendbandwidth varianz receivebandwidth varianz load last: 1min 5min 15min 
20000000 128 8.616305 297111126.741328 0.061985 297111007.533221 0.061985 - 0.810000 0.350000 0.170000 
10000000 256 440.962153 5805486.887668 40.441884 5805485.429021 40.441949 - 1.000000 1.000000 0.960000 
5000000 512 307.967074 8312576.939045 38.258611 8312576.467334 38.258626 - 1.010000 1.010000 0.970000 
2500000 1024 210.059041 12187049.849833 0.146957 12187045.938033 0.146927 - 1.000000 1.010000 0.970000 
1250000 2048 72.986387 35075033.871046 0.138180 35075011.769214 0.138130 - 1.000000 1.010000 0.970000 
625000 4096 55.064389 46491027.004994 0.055563 46479662.311884 0.065724 - 1.000000 1.010000 0.970000 
312500 8192 9.157601 279549186.917937 0.089969 279546648.348019 0.089953 - 1.000000 1.010000 0.970000 
156250 16384 1.794242 1426786144.223100 0.003166 1426747032.655834 0.003150 - 1.000000 1.010000 0.970000 
78125 32768 1.224576 2090519418.839159 0.000149 2090505499.078866 0.000148 - 1.000000 1.010000 0.970000 
39062 65536 0.921723 2777370298.503893 0.000292 2777343358.334769 0.000297 - 1.000000 1.010000 0.970000 
19531 131072 0.768377 3331655437.906846 0.000035 3331570257.059289 0.000024 - 1.000000 1.010000 0.970000 
9765 262144 0.598219 4279096992.358586 0.000043 4278869671.512164 0.000055 - 1.000000 1.010000 0.970000 
4882 524288 0.518252 4938855202.344226 0.000026 4938328815.854670 0.000074 - 1.000000 1.010000 0.970000 
2441 1048576 0.467378 5476451589.334909 0.000044 5475244442.969039 0.000149 - 1.000000 1.010000 0.970000 
1220 2097152 0.747448 3423016090.056430 0.001741 3421872308.903546 0.001488 - 1.000000 1.010000 0.970000 
