# Prozess 0 von 2 on node2 
# sendmode = 2 1 Send, 2 Ssend, 3 Bsend 
# start Packagesize: 32 cutoff 1000000
# Prozess 1 von 2 on node3 
# sendmode = 2 1 Send, 2 Ssend, 3 Bsend 
# start Packagesize: 32 cutoff 1000000
#11.12.2013 - 11:58
# repeats  packagesize time sendbandwidth varianz receivebandwidth varianz load last: 1min 5min 15min 
20000000 128 8.714935 293748618.225387 0.025950 293748760.466543 0.025950 - 0.760000 0.260000 0.130000 
10000000 256 557.795410 4589496.356575 1.289483 4589494.081605 1.289432 - 1.000000 1.000000 0.950000 
5000000 512 353.760968 7236524.746719 0.562334 7236526.227890 0.562335 - 1.000000 1.000000 0.950000 
2500000 1024 203.855635 12557906.501828 2.383413 12557903.925720 2.383432 - 1.000000 1.000000 0.950000 
1250000 2048 75.985172 33690783.644498 0.083488 33690758.781165 0.083437 - 1.000000 1.000000 0.950000 
625000 4096 55.619129 46027329.625957 0.031933 46027290.126113 0.031908 - 1.000000 1.000000 0.950000 
312500 8192 21.141294 121090033.683856 0.299512 121089673.581661 0.299554 - 1.000000 1.000000 0.950000 
156250 16384 1.795177 1426043542.451146 0.000191 1426005210.181289 0.000223 - 1.000000 1.000000 0.950000 
78125 32768 1.220740 2097089251.157563 0.000145 2097079380.434736 0.000144 - 1.000000 1.000000 0.950000 
39062 65536 0.924907 2767811868.018067 0.000553 2767786111.806491 0.000549 - 1.000000 1.000000 0.950000 
19531 131072 0.764208 3349830006.437273 0.000052 3349751940.476907 0.000063 - 1.000000 1.000000 0.950000 
9765 262144 0.604054 4237757468.463060 0.000099 4237545891.215143 0.000117 - 1.000000 1.000000 0.950000 
4882 524288 0.523436 4889946257.757689 0.000161 4889433807.544016 0.000182 - 1.000000 1.000000 0.950000 
2441 1048576 0.472605 5415889367.181280 0.000116 5414666438.898322 0.000189 - 1.000000 1.000000 0.950000 
1220 2097152 0.757210 3378884514.750744 0.002165 3377778324.198147 0.001911 - 1.000000 1.000000 0.950000 
