"send","receive"
"[node1:1","[node1:1"
"[node1:1","--------"
"mpirun h","node nod"
"have cau","terminat"
"--------","[node0:1"
"send","receive"
"[node1:1","[node1:1"
"[node1:1","--------"
"mpirun h","node nod"
"have cau","terminat"
"--------","[node0:1"
"send","receive"
"[node1:1","[node1:1"
"[node1:1","--------"
"mpirun h","node nod"
"have cau","terminat"
"--------","[node0:1"
"send","receive"
"[node1:1","[node1:1"
"[node1:1","--------"
"mpirun h","node nod"
"have cau","terminat"
"--------","[node0:1"
