--------------------------------------------------------------------------
WARNING: No preset parameters were found for the device that Open MPI
detected:

  Local host:            node5
  Device name:           mlx4_0
  Device vendor ID:      0x02c9
  Device vendor part ID: 4099

Default device parameters will be used, which may result in lower
performance.  You can edit any of the files specified by the
btl_openib_device_param_files MCA parameter to set values for your
device.

NOTE: You can turn off this warning by setting the MCA parameter
      btl_openib_warn_no_device_params_found to 0.
--------------------------------------------------------------------------
1000000 Byte are send
0.028869 seconds for Process 0 to send.
0.029202 seconds for Process 1 to receive.
0.007171 seconds for Process 0 to send.
0.001327 seconds for Process 1 to receive.
0.006521 seconds for Process 0 to send.
0.001324 seconds for Process 1 to receive.
0.006552 seconds for Process 0 to send.
0.001310 seconds for Process 1 to receive.
0.006493 seconds for Process 0 to send.
0.001329 seconds for Process 1 to receive.
0.006626 seconds for Process 0 to send.
0.001321 seconds for Process 1 to receive.
0.006662 seconds for Process 0 to send.
0.001313 seconds for Process 1 to receive.
0.006577 seconds for Process 0 to send.
0.001340 seconds for Process 1 to receive.
0.006652 seconds for Process 0 to send.
0.001335 seconds for Process 1 to receive.
0.006570 seconds for Process 0 to send.
0.001335 seconds for Process 1 to receive.
0.006519 seconds for Process 0 to send.
0.001317 seconds for Process 1 to receive.
0.006614 seconds for Process 0 to send.
0.001308 seconds for Process 1 to receive.
0.006583 seconds for Process 0 to send.
0.001311 seconds for Process 1 to receive.
0.006576 seconds for Process 0 to send.
0.001320 seconds for Process 1 to receive.
0.006537 seconds for Process 0 to send.
0.001310 seconds for Process 1 to receive.
0.006516 seconds for Process 0 to send.
0.001326 seconds for Process 1 to receive.
0.006523 seconds for Process 0 to send.
0.001317 seconds for Process 1 to receive.
0.006570 seconds for Process 0 to send.
0.001311 seconds for Process 1 to receive.
0.006590 seconds for Process 0 to send.
0.001326 seconds for Process 1 to receive.
0.006562 seconds for Process 0 to send.
0.001317 seconds for Process 1 to receive.
0.006590 seconds for Process 0 to send.
0.001307 seconds for Process 1 to receive.
0.006526 seconds for Process 0 to send.
0.001270 seconds for Process 1 to receive.
0.006462 seconds for Process 0 to send.
0.001345 seconds for Process 1 to receive.
0.006535 seconds for Process 0 to send.
0.001321 seconds for Process 1 to receive.
0.006591 seconds for Process 0 to send.
0.001309 seconds for Process 1 to receive.
0.006566 seconds for Process 0 to send.
0.001322 seconds for Process 1 to receive.
0.006604 seconds for Process 0 to send.
0.001334 seconds for Process 1 to receive.
0.006586 seconds for Process 0 to send.
0.001333 seconds for Process 1 to receive.
0.006502 seconds for Process 0 to send.
0.001310 seconds for Process 1 to receive.
0.006513 seconds for Process 0 to send.
0.001312 seconds for Process 1 to receive.
0.006525 seconds for Process 0 to send.
0.001321 seconds for Process 1 to receive.
0.006636 seconds for Process 0 to send.
0.001315 seconds for Process 1 to receive.
0.006496 seconds for Process 0 to send.
0.001317 seconds for Process 1 to receive.
0.006527 seconds for Process 0 to send.
0.001325 seconds for Process 1 to receive.
0.006540 seconds for Process 0 to send.
0.001312 seconds for Process 1 to receive.
0.006568 seconds for Process 0 to send.
0.001345 seconds for Process 1 to receive.
0.006545 seconds for Process 0 to send.
0.001333 seconds for Process 1 to receive.
0.006552 seconds for Process 0 to send.
0.001315 seconds for Process 1 to receive.
0.006503 seconds for Process 0 to send.
0.001316 seconds for Process 1 to receive.
0.006604 seconds for Process 0 to send.
0.001324 seconds for Process 1 to receive.
0.006515 seconds for Process 0 to send.
0.001326 seconds for Process 1 to receive.
0.006571 seconds for Process 0 to send.
0.001318 seconds for Process 1 to receive.
0.006547 seconds for Process 0 to send.
0.001329 seconds for Process 1 to receive.
0.006532 seconds for Process 0 to send.
0.001326 seconds for Process 1 to receive.
0.006544 seconds for Process 0 to send.
0.001316 seconds for Process 1 to receive.
0.006534 seconds for Process 0 to send.
0.001326 seconds for Process 1 to receive.
0.006583 seconds for Process 0 to send.
0.001313 seconds for Process 1 to receive.
0.006591 seconds for Process 0 to send.
0.001322 seconds for Process 1 to receive.
0.006500 seconds for Process 0 to send.
0.001321 seconds for Process 1 to receive.
0.006649 seconds for Process 0 to send.
0.001324 seconds for Process 1 to receive.
0.006516 seconds for Process 0 to send.
0.001319 seconds for Process 1 to receive.
0.006521 seconds for Process 0 to send.
0.001312 seconds for Process 1 to receive.
0.006610 seconds for Process 0 to send.
0.001318 seconds for Process 1 to receive.
0.006585 seconds for Process 0 to send.
0.001319 seconds for Process 1 to receive.
0.006526 seconds for Process 0 to send.
0.001329 seconds for Process 1 to receive.
0.006563 seconds for Process 0 to send.
0.001313 seconds for Process 1 to receive.
0.006574 seconds for Process 0 to send.
0.001312 seconds for Process 1 to receive.
0.006614 seconds for Process 0 to send.
0.001320 seconds for Process 1 to receive.
0.006554 seconds for Process 0 to send.
0.001337 seconds for Process 1 to receive.
0.006563 seconds for Process 0 to send.
0.001316 seconds for Process 1 to receive.
0.006515 seconds for Process 0 to send.
0.001275 seconds for Process 1 to receive.
0.006530 seconds for Process 0 to send.
0.001322 seconds for Process 1 to receive.
0.006519 seconds for Process 0 to send.
0.001318 seconds for Process 1 to receive.
0.006547 seconds for Process 0 to send.
0.001319 seconds for Process 1 to receive.
0.006511 seconds for Process 0 to send.
0.001332 seconds for Process 1 to receive.
0.006657 seconds for Process 0 to send.
0.001336 seconds for Process 1 to receive.
0.006614 seconds for Process 0 to send.
0.001326 seconds for Process 1 to receive.
0.006631 seconds for Process 0 to send.
0.001312 seconds for Process 1 to receive.
0.006596 seconds for Process 0 to send.
0.001309 seconds for Process 1 to receive.
0.006651 seconds for Process 0 to send.
0.001337 seconds for Process 1 to receive.
0.006524 seconds for Process 0 to send.
0.001327 seconds for Process 1 to receive.
0.006641 seconds for Process 0 to send.
0.001334 seconds for Process 1 to receive.
0.006504 seconds for Process 0 to send.
0.001307 seconds for Process 1 to receive.
0.006655 seconds for Process 0 to send.
0.001311 seconds for Process 1 to receive.
0.006541 seconds for Process 0 to send.
0.001329 seconds for Process 1 to receive.
0.006652 seconds for Process 0 to send.
0.001321 seconds for Process 1 to receive.
0.006535 seconds for Process 0 to send.
0.001304 seconds for Process 1 to receive.
0.006534 seconds for Process 0 to send.
0.001318 seconds for Process 1 to receive.
0.006527 seconds for Process 0 to send.
0.001316 seconds for Process 1 to receive.
0.006618 seconds for Process 0 to send.
0.001317 seconds for Process 1 to receive.
0.006622 seconds for Process 0 to send.
0.001324 seconds for Process 1 to receive.
0.006568 seconds for Process 0 to send.
0.001312 seconds for Process 1 to receive.
0.006506 seconds for Process 0 to send.
0.001312 seconds for Process 1 to receive.
0.006544 seconds for Process 0 to send.
0.001330 seconds for Process 1 to receive.
0.006546 seconds for Process 0 to send.
0.001317 seconds for Process 1 to receive.
0.006485 seconds for Process 0 to send.
0.001312 seconds for Process 1 to receive.
0.006565 seconds for Process 0 to send.
0.001310 seconds for Process 1 to receive.
0.006551 seconds for Process 0 to send.
0.001311 seconds for Process 1 to receive.
0.006553 seconds for Process 0 to send.
0.001314 seconds for Process 1 to receive.
0.006546 seconds for Process 0 to send.
0.001328 seconds for Process 1 to receive.
0.006551 seconds for Process 0 to send.
0.001311 seconds for Process 1 to receive.
0.006660 seconds for Process 0 to send.
0.001363 seconds for Process 1 to receive.
0.006598 seconds for Process 0 to send.
0.001330 seconds for Process 1 to receive.
0.006603 seconds for Process 0 to send.
0.001323 seconds for Process 1 to receive.
0.006483 seconds for Process 0 to send.
0.001308 seconds for Process 1 to receive.
0.006586 seconds for Process 0 to send.
0.001323 seconds for Process 1 to receive.
0.006553 seconds for Process 0 to send.
0.001322 seconds for Process 1 to receive.
0.006517 seconds for Process 0 to send.
0.001329 seconds for Process 1 to receive.
0.006498 seconds for Process 0 to send.
0 errors were spotted
0.001305 seconds for Process 1 to receive.
everything send correctly 
[node4:17719] 1 more process has sent help message help-mpi-btl-openib.txt / no device params found
[node4:17719] Set MCA parameter "orte_base_help_aggregate" to 0 to see all help / error messages
