5.11.2013 - 10:47
2048 Byte are send 
1250000 times
0.080000 load average last 15 minutes 
0.140000 load average last 5 minutes
0.490000 load average last minute
CPU time used = 0.000000
0.855227 seconds for Process 0 to send.
0.830555 seconds for Process 0 to send.
0.830526 seconds for Process 0 to send.
0.830568 seconds for Process 0 to send.
0.830514 seconds for Process 0 to send.
0.830690 seconds for Process 0 to send.
0.830895 seconds for Process 0 to send.
0.830499 seconds for Process 0 to send.
0.830432 seconds for Process 0 to send.
0.855555 seconds for Process 1 to receive.
0.830569 seconds for Process 1 to receive.
0.830530 seconds for Process 1 to receive.
0.830569 seconds for Process 1 to receive.
0.830522 seconds for Process 1 to receive.
0.830694 seconds for Process 1 to receive.
0.830905 seconds for Process 1 to receive.
0.830505 seconds for Process 1 to receive.
0.830427 seconds for Process 1 to receive.

everything send correctly 
