5.11.2013 - 10:46
524288 Byte are send 
4882 times
0.060000 load average last 15 minutes 
0.050000 load average last 5 minutes
0.160000 load average last minute
CPU time used = 0.000000
0.756288 seconds for Process 0 to send.
0.731206 seconds for Process 0 to send.
0.731441 seconds for Process 0 to send.
0.731399 seconds for Process 0 to send.
0.731394 seconds for Process 0 to send.
0.731677 seconds for Process 0 to send.
0.731455 seconds for Process 0 to send.
0.731513 seconds for Process 0 to send.
0.731451 seconds for Process 0 to send.
0.757043 seconds for Process 1 to receive.
0.731249 seconds for Process 1 to receive.
0.731492 seconds for Process 1 to receive.
0.731452 seconds for Process 1 to receive.
0.731450 seconds for Process 1 to receive.
0.731731 seconds for Process 1 to receive.
0.731510 seconds for Process 1 to receive.
0.731572 seconds for Process 1 to receive.
0.731504 seconds for Process 1 to receive.

everything send correctly 
