5.11.2013 - 10:47
2097152 Byte are send 1220 times
0.090000 load average last 15 minutes 
0.150000 load average last 5 minutes
0.530000 load average last minute
CPU time used = 0.000000
0.837395 seconds for Process 0 to send.
0.819514 seconds for Process 0 to send.
0.822304 seconds for Process 0 to send.
0.822390 seconds for Process 0 to send.
0.822329 seconds for Process 0 to send.
0.822309 seconds for Process 0 to send.
0.822135 seconds for Process 0 to send.
0.822604 seconds for Process 0 to send.
0.822269 seconds for Process 0 to send.
0.840324 seconds for Process 1 to receive.
0.820009 seconds for Process 1 to receive.
0.822507 seconds for Process 1 to receive.
0.822612 seconds for Process 1 to receive.
0.822515 seconds for Process 1 to receive.
0.822589 seconds for Process 1 to receive.
0.822363 seconds for Process 1 to receive.
0.822823 seconds for Process 1 to receive.
0.822499 seconds for Process 1 to receive.

everything send correctly 
