5.11.2013 - 10:46
1024 Byte are send 
2500000 times
0.820000 load average last 15 minutes 
0.990000 load average last 5 minutes
1.000000 load average last minute
CPU time used = 0.000000
172.624548 seconds for Process 0 to send.
172.458364 seconds for Process 0 to send.
171.510550 seconds for Process 0 to send.
172.052322 seconds for Process 0 to send.
171.781767 seconds for Process 0 to send.
172.728464 seconds for Process 0 to send.
171.375397 seconds for Process 0 to send.
171.781712 seconds for Process 0 to send.
171.646349 seconds for Process 0 to send.
172.624786 seconds for Process 1 to receive.
172.458442 seconds for Process 1 to receive.
171.510565 seconds for Process 1 to receive.
172.052417 seconds for Process 1 to receive.
171.781926 seconds for Process 1 to receive.
172.728514 seconds for Process 1 to receive.
171.375464 seconds for Process 1 to receive.
171.781827 seconds for Process 1 to receive.
171.646430 seconds for Process 1 to receive.

everything send correctly 
