5.11.2013 - 10:47
32768 Byte are send 78125 times
0.100000 load average last 15 minutes 
0.190000 load average last 5 minutes
0.630000 load average last minute
CPU time used = 0.000000
1.461399 seconds for Process 0 to send.
1.436063 seconds for Process 0 to send.
1.436131 seconds for Process 0 to send.
1.436225 seconds for Process 0 to send.
1.435864 seconds for Process 0 to send.
1.436121 seconds for Process 0 to send.
1.436553 seconds for Process 0 to send.
1.436095 seconds for Process 0 to send.
1.436091 seconds for Process 0 to send.
1.461738 seconds for Process 1 to receive.
1.436074 seconds for Process 1 to receive.
1.436136 seconds for Process 1 to receive.
1.436229 seconds for Process 1 to receive.
1.435868 seconds for Process 1 to receive.
1.436127 seconds for Process 1 to receive.
1.436558 seconds for Process 1 to receive.
1.436099 seconds for Process 1 to receive.
1.436096 seconds for Process 1 to receive.

everything send correctly 
