5.11.2013 - 10:47
16384 Byte are send 156250 times
0.080000 load average last 15 minutes 
0.140000 load average last 5 minutes
0.490000 load average last minute
CPU time used = 0.000000
2.062463 seconds for Process 0 to send.
2.002237 seconds for Process 0 to send.
2.002576 seconds for Process 0 to send.
2.002347 seconds for Process 0 to send.
2.001640 seconds for Process 0 to send.
2.003080 seconds for Process 0 to send.
2.001141 seconds for Process 0 to send.
2.002243 seconds for Process 0 to send.
2.002977 seconds for Process 0 to send.
2.062825 seconds for Process 1 to receive.
2.002245 seconds for Process 1 to receive.
2.002580 seconds for Process 1 to receive.
2.002350 seconds for Process 1 to receive.
2.001643 seconds for Process 1 to receive.
2.003083 seconds for Process 1 to receive.
2.001145 seconds for Process 1 to receive.
2.002246 seconds for Process 1 to receive.
2.002981 seconds for Process 1 to receive.

everything send correctly 
