# Prozess 0 von 2 on node0 
#INFO -e: max package size was set to 12800000 B 
#sendmode = 1, startPackageSize = 2, start iterations = 12800000 cutoff = 12800000, statistical iterations = 2 
# Statistical Iteration cycle 0
0.000000d B allocated 
# Prozess 1 von 2 on node1 
#INFO -e: max package size was set to 12800000 B 
#sendmode = 1, startPackageSize = 2, start iterations = 12800000 cutoff = 12800000, statistical iterations = 2 
# Statistical Iteration cycle 0
0.000000d B allocated 
1.53825 0.783821 1.09801 0.554744 0.281601 0.124648 0.116822 0.11366 0.110367 2.19681 8.74321 8.72246 8.70888 8.70383 10.4309 9.62839 8.92949 8.8161 8.65755 8.61613 8.58441 8.57749 5.71892 
# Statistical Iteration cycle 1
0.000000d B allocated 

# Statistical Iteration cycle 1
0.000000d B allocated 
1.6009 0.786118 1.10356 0.557406 0.284016 0.124592 0.116732 0.113728 0.110545 2.19681 8.74322 8.72249 8.70918 8.70367 10.431 9.63003 8.93801 8.81359 8.65747 8.61583 8.58414 8.5768 5.72037 

#15.1.2014 - 13:51
# repeats  packagesize time varianz sendbandwidth varianz load last: 1min 
640000 8 1.569575 0.096080 3262029.629784 199682.205509 - 0.350000 
320000 16 0.784970 2.196232 6522545.850278 18249144.879702 - 0.350000 
400000 32 1.100783 8.741830 11628081.616705 92343970.452992 - 0.360000 
200000 64 0.556075 8.721805 23018473.744055 361035120.675389 - 0.360000 
100000 128 0.282808 8.708429 45260320.970304 1393686489.078302 - 0.360000 
50000 256 0.124620 8.703760 102712277.546710 7173674640.782628 - 0.360000 
25000 512 0.116777 10.430980 109610566.794304 9790840737.296289 - 0.360000 
12500 1024 0.113694 9.629195 112582944.930138 9535099182.916134 - 0.360000 
6250 2048 0.879583 8.557781 14552356.273126 141585187.443921 - 0.360000 
62500 4096 2.588717 8.621117 98890700.284573 329332411.078983 - 0.360000 
125000 8192 9.292222 8.387498 110199692.883048 99470258.159060 - 0.380000 
62500 16384 8.999843 8.478423 113779768.613634 107187771.448025 - 0.400000 
31240 32768 8.849833 8.514092 115671372.832026 111283084.833946 - 0.410000 
15620 65536 8.766070 8.546079 116776648.745761 113846044.825203 - 0.430000 
7800 131072 10.489368 5.690473 97466459.107874 52875463.179343 - 0.450000 
3900 262144 9.686042 0.040189 105549988.089618 437944.374954 - 0.460000 
1940 524288 8.988929 0.039137 113152380.693446 492652.017011 - 0.480000 
960 1048576 9.913248 0.776688 101544212.935628 7955839.419127 - 0.500000 
480 2097152 13.029116 3.091192 77260265.188668 18330202.274117 - 0.520000 
240 4194304 12.977211 3.083854 77569286.428459 18433263.842863 - 0.520000 
120 8388608 12.938718 3.079054 77800054.302905 18514245.236383 - 0.540000 
60 16777216 12.929057 3.077268 77858188.717013 18531163.987533 - 0.550000 
20 33554432 10.935082 3.687872 61370242.602145 20697199.550941 - 0.560000 
