 #bytes #iterations    BW peak[MB/sec]    BW average[MB/sec]  
      2        5000               7.38                  7.32
      4        5000              15.00                 14.97
      8        5000              29.99                 29.94
     16        5000              59.87                 59.81
     32        5000             112.46                112.40
     64        5000             225.75                225.30
    128        5000             405.75                405.09
    256        5000             426.66                313.21
    512        5000             720.54                597.51
   1024        5000            1237.56               1137.21
   2048        5000            2135.63               2008.68
   4096        5000            3522.49               3502.02
   8192        5000            3749.78               3749.55
  16384        5000            3753.83               3753.82
  32768        5000            3757.89               3757.69
  65536        5000            3758.90               3758.85
 131072        5000            3759.81               3759.75
 262144        5000            3760.12               3760.09
 524288        5000            3760.36               3760.31
1048576        5000            3760.27               3760.26
2097152        5000            3760.01               3759.89
4194304        5000            3760.08               3759.79
8388608        5000            3759.67               3759.64
