# Prozess 0 von 2 on node2 
WARNING 
-e: max package size was set to 128000000 B 
# sendmode: 1 start Packagesize: 32 cutoff 128000000
# Prozess 1 von 2 on node3 
WARNING 
-e: max package size was set to 128000000 B 
# sendmode: 1 start Packagesize: 32 cutoff 128000000
#8.1.2014 - 14:12
# repeats  packagesize time sendbandwidth varianz receivebandwidth varianz load last: 1min 5min 15min 
4000000 128 1.902675 269094886.474049 0.017440 269094003.026256 0.017444 - 0.290000 0.230000 0.230000 
2000000 256 105.351998 4859898.317457 0.150703 4859893.173570 0.150645 - 1.000000 0.980000 0.750000 
1000000 512 46.082315 11110552.933146 0.061143 11110533.043970 0.061098 - 1.000000 0.990000 0.850000 
500000 1024 39.413895 12990342.756853 0.186869 12990314.664607 0.199082 - 1.000000 0.990000 0.890000 
250000 2048 0.175199 2922394953.220232 0.012671 2921422122.387501 0.012673 - 0.920000 0.970000 0.890000 
125000 4096 4.394715 116503583.807729 0.911592 116502416.430417 0.911577 - 0.930000 0.960000 0.890000 
62500 8192 0.116014 4413250349.209442 0.011441 4412522181.953869 0.011460 - 0.850000 0.940000 0.880000 
31250 16384 0.388771 1316970384.529457 0.000059 1316937756.356381 0.000065 - 0.780000 0.930000 0.880000 
15625 32768 0.266559 1920773073.445466 0.000048 1920355862.759192 0.000100 - 0.740000 0.910000 0.870000 
7812 65536 0.199115 2571216985.839546 0.000036 2571063365.053002 0.000045 - 0.760000 0.910000 0.870000 
3906 131072 0.160539 3189059515.820097 0.000044 3187908579.297208 0.000051 - 0.700000 0.900000 0.870000 
1953 262144 0.120409 4251912228.398250 0.000050 4248080776.580108 0.000064 - 0.650000 0.880000 0.860000 
976 524288 0.112416 4551907514.468571 0.000067 4543998244.894522 0.000084 - 0.590000 0.870000 0.860000 
488 1048576 0.108018 4737212480.653829 0.000042 4718755573.293137 0.000152 - 0.550000 0.850000 0.850000 
244 2097152 0.106325 4812655824.154988 0.000052 4777323936.380198 0.000213 - 0.500000 0.840000 0.850000 
122 4194304 0.105904 4831770161.640271 0.000052 4764231388.544455 0.000398 - 0.460000 0.830000 0.850000 
61 8388608 0.107148 4775691138.236700 0.000046 4621160495.855864 0.000708 - 0.430000 0.810000 0.840000 
30 16777216 0.118642 4242312117.100273 0.000102 3975710885.140979 0.001281 - 0.390000 0.800000 0.840000 
15 33554432 0.128443 3918609533.002999 0.000234 3480172709.937438 0.002596 - 0.360000 0.790000 0.830000 
7 67108864 0.137943 3405482228.343653 0.001686 2758624371.990819 0.003932 - 0.390000 0.780000 0.830000 
3 134217728 0.165678 2430333751.276522 0.000926 1741977383.290483 0.010250 - 0.430000 0.780000 0.830000 
1 268435456 0.219833 1221085473.216616 0.002004 765770984.223324 0.020005 - 0.450000 0.770000 0.830000 
