# Prozess 0 von 2 on node0 
sendmode = 1, startPackageSize = 32768, cutoff = 1000000000 
# start Packagesize: 32768 cutoff 1000000000
# Prozess 1 von 2 on node1 
sendmode = 1, startPackageSize = 32768, cutoff = 1000000000 
# start Packagesize: 32768 cutoff 1000000000
#17.12.2013 - 11:3
# repeats  packagesize time sendbandwidth varianz receivebandwidth varianz load last: 1min 5min 15min 
19531 131072 0.830706 3081676144.899145 0.004833 3081586639.840658 0.004856 - 0.160000 0.050000 0.130000 
13020 196608 0.669917 3821126459.866540 0.000079 3820629612.700309 0.000115 - 0.220000 0.060000 0.140000 
8680 294912 0.590899 4332102724.379709 0.000163 4331831811.310508 0.000180 - 0.340000 0.100000 0.140000 
5787 442368 0.529248 4837020867.177155 0.000230 4836605801.766546 0.000247 - 0.400000 0.110000 0.150000 
3858 663552 170.182516 15042577.058498 160.976420 15042574.146069 160.976384 - 0.080000 0.030000 0.050000 
2572 995328 0.471529 5429108336.801908 0.000180 5427995148.036463 0.000211 - 0.160000 0.050000 0.060000 
1714 1492992 0.841309 3041675809.487344 0.002012 3041168187.465387 0.001922 - 0.220000 0.060000 0.060000 
1143 2239488 0.769031 3328518603.232148 0.000108 3327694404.444235 0.000199 - 0.340000 0.090000 0.070000 
762 3359232 0.818214 3128440364.936141 0.000388 3127361775.689182 0.000655 - 0.440000 0.120000 0.080000 
508 5038848 0.750983 3408512722.308270 0.000230 3406586990.086383 0.000681 - 0.490000 0.140000 0.080000 
338 7558272 0.757097 3374332220.618829 0.000540 3370777479.221776 0.001422 - 0.570000 0.170000 0.090000 
225 11337408 0.691815 3687281743.138808 0.000806 3681173523.204220 0.002060 - 0.600000 0.180000 0.100000 
150 17006112 0.699290 3647864652.594925 0.000983 3638152531.480927 0.002751 - 0.630000 0.190000 0.100000 
100 25509168 0.682066 3739987832.000823 0.002503 3722697296.056630 0.000708 - 0.690000 0.220000 0.110000 
66 38263752 0.652675 3869318441.104498 0.003649 3842724711.104608 0.007325 - 0.710000 0.230000 0.120000 
44 57395628 0.660670 3822497304.280122 0.001284 3783598746.510228 0.008175 - 0.760000 0.260000 0.130000 
29 86093440 0.649366 3844841448.404574 0.001839 3785175477.176136 0.012149 - 0.780000 0.270000 0.130000 
19 129140160 0.641021 3827744965.790692 0.002702 3737378614.764874 0.018337 - 0.810000 0.290000 0.140000 
13 193710240 0.656692 3834722302.381225 0.004247 3703602168.402875 0.027646 - 0.830000 0.310000 0.150000 
8 290565360 0.605673 3837916818.517693 0.007037 3627039619.639941 0.041871 - 0.850000 0.330000 0.160000 
5 435848040 0.574639 3792366664.906432 0.009620 3474511452.322721 0.062314 - 0.880000 0.350000 0.160000 
slurmd[node0]: *** JOB 2582 CANCELLED AT 2013-12-17T11:34:13 ***
mpirun: killing job...

