[node0][[21837,1],0][btl_openib_ini.c:166:ompi_btl_openib_ini_query] Querying INI files for vendor 0x02c9, part ID 4099
[node0][[21837,1],0][btl_openib_ini.c:185:ompi_btl_openib_ini_query] Found corresponding INI values: Mellanox Hermon
[node0][[21837,1],0][btl_openib_ini.c:166:ompi_btl_openib_ini_query] Querying INI files for vendor 0x0000, part ID 0
[node0][[21837,1],0][btl_openib_ini.c:185:ompi_btl_openib_ini_query] Found corresponding INI values: default
[node1][[21837,1],1][btl_openib_ini.c:166:ompi_btl_openib_ini_query] Querying INI files for vendor 0x02c9, part ID 4099
[node1][[21837,1],1][btl_openib_ini.c:185:ompi_btl_openib_ini_query] Found corresponding INI values: Mellanox Hermon
[node1][[21837,1],1][btl_openib_ini.c:166:ompi_btl_openib_ini_query] Querying INI files for vendor 0x0000, part ID 0
[node1][[21837,1],1][btl_openib_ini.c:185:ompi_btl_openib_ini_query] Found corresponding INI values: default
--------------------------------------------------------------------------
WARNING: There was an error initializing an OpenFabrics device.

  Local host:   node0
  Local device: mlx4_0
--------------------------------------------------------------------------
--------------------------------------------------------------------------
WARNING: There was an error initializing an OpenFabrics device.

  Local host:   node1
  Local device: mlx4_0
--------------------------------------------------------------------------
# Prozess 0 von 2 on node0 
#sendmode = 1, startPackageSize = 524288, start iterations = 12800000 cutoff = 524289, statistical iterations = 2 
# Prozess 1 von 2 on node1 
#sendmode = 1, startPackageSize = 524288, start iterations = 12800000 cutoff = 524289, statistical iterations = 2 
4.48479 

4.48365 

#14.1.2014 - 15:52
# repeats  packagesize time varianz sendbandwidth varianz load last: 1min 
480 2097152 4.484220 0.000403 224483400.397755 20179.109264 - 0.030000 
