[node2][[43913,1],0][btl_openib_ini.c:166:ompi_btl_openib_ini_query] Querying INI files for vendor 0x02c9, part ID 4099
[node2][[43913,1],0][btl_openib_ini.c:185:ompi_btl_openib_ini_query] Found corresponding INI values: Mellanox Hermon
[node2][[43913,1],0][btl_openib_ini.c:166:ompi_btl_openib_ini_query] Querying INI files for vendor 0x0000, part ID 0
[node2][[43913,1],0][btl_openib_ini.c:185:ompi_btl_openib_ini_query] Found corresponding INI values: default
[node3][[43913,1],1][btl_openib_ini.c:166:ompi_btl_openib_ini_query] Querying INI files for vendor 0x02c9, part ID 4099
[node3][[43913,1],1][btl_openib_ini.c:185:ompi_btl_openib_ini_query] Found corresponding INI values: Mellanox Hermon
[node3][[43913,1],1][btl_openib_ini.c:166:ompi_btl_openib_ini_query] Querying INI files for vendor 0x0000, part ID 0
[node3][[43913,1],1][btl_openib_ini.c:185:ompi_btl_openib_ini_query] Found corresponding INI values: default
[node2][[43913,1],0][btl_openib_ini.c:166:ompi_btl_openib_ini_query] Querying INI files for vendor 0x02c9, part ID 4099
[node2][[43913,1],0][btl_openib_ini.c:185:ompi_btl_openib_ini_query] Found corresponding INI values: Mellanox Hermon
[node3][[43913,1],1][btl_openib_ini.c:166:ompi_btl_openib_ini_query] Querying INI files for vendor 0x02c9, part ID 4099
[node3][[43913,1],1][btl_openib_ini.c:185:ompi_btl_openib_ini_query] Found corresponding INI values: Mellanox Hermon
[node3][[43913,1],1][btl_openib_ini.c:166:ompi_btl_openib_ini_query] Querying INI files for vendor 0x02c9, part ID 4099
[node3][[43913,1],1][btl_openib_ini.c:185:ompi_btl_openib_ini_query] Found corresponding INI values: Mellanox Hermon
[node2][[43913,1],0][btl_openib_ini.c:166:ompi_btl_openib_ini_query] Querying INI files for vendor 0x02c9, part ID 4099
[node2][[43913,1],0][btl_openib_ini.c:185:ompi_btl_openib_ini_query] Found corresponding INI values: Mellanox Hermon
# Prozess 0 von 2 on node2 
#sendmode = 1, startPackageSize = 524288, start iterations = 1 cutoff = 524289, statistical iterations = 2 
# Prozess 1 von 2 on node3 
#sendmode = 1, startPackageSize = 524288, start iterations = 1 cutoff = 524289, statistical iterations = 2 
buffertmp0x7f1b08e68010
[node3][[43913,1],1][connect/btl_openib_connect_oob.c:340:qp_connect_all] Set MTU to IBV value 4 (2048 bytes)
[node3][[43913,1],1][connect/btl_openib_connect_oob.c:340:qp_connect_all] Set MTU to IBV value 4 (2048 bytes)
[node3][[43913,1],1][connect/btl_openib_connect_oob.c:340:qp_connect_all] Set MTU to IBV value 4 (2048 bytes)
[node3][[43913,1],1][connect/btl_openib_connect_oob.c:340:qp_connect_all] Set MTU to IBV value 4 (2048 bytes)
[node2][[43913,1],0][connect/btl_openib_connect_oob.c:340:qp_connect_all] Set MTU to IBV value 4 (2048 bytes)
[node2][[43913,1],0][connect/btl_openib_connect_oob.c:340:qp_connect_all] Set MTU to IBV value 4 (2048 bytes)
[node2][[43913,1],0][connect/btl_openib_connect_oob.c:340:qp_connect_all] Set MTU to IBV value 4 (2048 bytes)
[node2][[43913,1],0][connect/btl_openib_connect_oob.c:340:qp_connect_all] Set MTU to IBV value 4 (2048 bytes)
[node3][[43913,1],1][connect/btl_openib_connect_oob.c:340:qp_connect_all] Set MTU to IBV value 4 (2048 bytes)
[node3][[43913,1],1][connect/btl_openib_connect_oob.c:340:qp_connect_all] Set MTU to IBV value 4 (2048 bytes)
[node3][[43913,1],1][connect/btl_openib_connect_oob.c:340:qp_connect_all] Set MTU to IBV value 4 (2048 bytes)
[node3][[43913,1],1][connect/btl_openib_connect_oob.c:340:qp_connect_all] Set MTU to IBV value 4 (2048 bytes)
[node2][[43913,1],0][connect/btl_openib_connect_oob.c:340:qp_connect_all] Set MTU to IBV value 4 (2048 bytes)
[node2][[43913,1],0][connect/btl_openib_connect_oob.c:340:qp_connect_all] Set MTU to IBV value 4 (2048 bytes)
[node2][[43913,1],0][connect/btl_openib_connect_oob.c:340:qp_connect_all] Set MTU to IBV value 4 (2048 bytes)
[node2][[43913,1],0][connect/btl_openib_connect_oob.c:340:qp_connect_all] Set MTU to IBV value 4 (2048 bytes)
slurmd[node2]: *** JOB 2927 CANCELLED AT 2014-01-14T16:45:52 ***
mpirun: killing job...

