16000 Byte are send
0.050000 load average last 15 minutes 
0.010000 load average last 5 minutes
0.000000 load average last minute
CPU time used = 0.000000
0.055743 seconds for Process 0 to send.
0.000044 seconds for Process 0 to send.
0.000027 seconds for Process 0 to send.
0.000024 seconds for Process 0 to send.
0.000023 seconds for Process 0 to send.
0.000024 seconds for Process 0 to send.
0.000024 seconds for Process 0 to send.
0.000024 seconds for Process 0 to send.
0.000026 seconds for Process 0 to send.
0.000023 seconds for Process 0 to send.
0.000024 seconds for Process 0 to send.
0.000024 seconds for Process 0 to send.
0.000026 seconds for Process 0 to send.
0.000023 seconds for Process 0 to send.
0.000024 seconds for Process 0 to send.
0.000024 seconds for Process 0 to send.
0.000024 seconds for Process 0 to send.
0.000026 seconds for Process 0 to send.
0.000024 seconds for Process 0 to send.
0.000025 seconds for Process 0 to send.
0.000023 seconds for Process 0 to send.
0.000023 seconds for Process 0 to send.
0.000025 seconds for Process 0 to send.
0.000025 seconds for Process 0 to send.
0.000025 seconds for Process 0 to send.
0.000024 seconds for Process 0 to send.
0.000024 seconds for Process 0 to send.
0.000024 seconds for Process 0 to send.
0.000024 seconds for Process 0 to send.
0.000024 seconds for Process 0 to send.
0.000024 seconds for Process 0 to send.
0.000025 seconds for Process 0 to send.
0.000024 seconds for Process 0 to send.
0.000024 seconds for Process 0 to send.
0.000023 seconds for Process 0 to send.
0.000024 seconds for Process 0 to send.
0.000025 seconds for Process 0 to send.
0.000024 seconds for Process 0 to send.
0.000025 seconds for Process 0 to send.
0.000029 seconds for Process 0 to send.
0.000061 seconds for Process 0 to send.
0.000025 seconds for Process 0 to send.
0.000024 seconds for Process 0 to send.
0.000024 seconds for Process 0 to send.
0.000024 seconds for Process 0 to send.
0.000024 seconds for Process 0 to send.
0.000023 seconds for Process 0 to send.
0.000024 seconds for Process 0 to send.
0.000024 seconds for Process 0 to send.
0.000024 seconds for Process 0 to send.
0.000023 seconds for Process 0 to send.
0.000024 seconds for Process 0 to send.
0.000024 seconds for Process 0 to send.
0.000024 seconds for Process 0 to send.
0.000024 seconds for Process 0 to send.
0.000025 seconds for Process 0 to send.
0.000024 seconds for Process 0 to send.
0.000023 seconds for Process 0 to send.
0.000024 seconds for Process 0 to send.
0.000025 seconds for Process 0 to send.
0.000024 seconds for Process 0 to send.
0.000024 seconds for Process 0 to send.
0.000023 seconds for Process 0 to send.
0.000024 seconds for Process 0 to send.
0.000024 seconds for Process 0 to send.
0.000025 seconds for Process 0 to send.
0.000023 seconds for Process 0 to send.
0.000025 seconds for Process 0 to send.
0.000023 seconds for Process 0 to send.
0.000024 seconds for Process 0 to send.
0.000024 seconds for Process 0 to send.
0.000024 seconds for Process 0 to send.
0.000026 seconds for Process 0 to send.
0.000023 seconds for Process 0 to send.
0.000024 seconds for Process 0 to send.
0.000024 seconds for Process 0 to send.
0.000024 seconds for Process 0 to send.
0.000024 seconds for Process 0 to send.
0.000024 seconds for Process 0 to send.
0.000024 seconds for Process 0 to send.
0.000025 seconds for Process 0 to send.
0.000024 seconds for Process 0 to send.
0.000024 seconds for Process 0 to send.
0.000025 seconds for Process 0 to send.
0.000025 seconds for Process 0 to send.
0.000023 seconds for Process 0 to send.
0.000024 seconds for Process 0 to send.
0.000024 seconds for Process 0 to send.
0.000024 seconds for Process 0 to send.
0.000025 seconds for Process 0 to send.
0.000024 seconds for Process 0 to send.
0.000024 seconds for Process 0 to send.
0.000024 seconds for Process 0 to send.
0.000023 seconds for Process 0 to send.
0.000024 seconds for Process 0 to send.
0.000045 seconds for Process 0 to send.
0.000029 seconds for Process 0 to send.
0.000024 seconds for Process 0 to send.
0.000023 seconds for Process 0 to send.
0.055704 seconds for Process 1 to receive.
0.000040 seconds for Process 1 to receive.
0.000034 seconds for Process 1 to receive.
0.000031 seconds for Process 1 to receive.
0.000032 seconds for Process 1 to receive.
0.000032 seconds for Process 1 to receive.
0.000032 seconds for Process 1 to receive.
0.000032 seconds for Process 1 to receive.
0.000033 seconds for Process 1 to receive.
0.000031 seconds for Process 1 to receive.
0.000031 seconds for Process 1 to receive.
0.000031 seconds for Process 1 to receive.
0.000033 seconds for Process 1 to receive.
0.000031 seconds for Process 1 to receive.
0.000032 seconds for Process 1 to receive.
0.000032 seconds for Process 1 to receive.
0.000032 seconds for Process 1 to receive.
0.000032 seconds for Process 1 to receive.
0.000031 seconds for Process 1 to receive.
0.000031 seconds for Process 1 to receive.
0.000032 seconds for Process 1 to receive.
0.000030 seconds for Process 1 to receive.
0.000032 seconds for Process 1 to receive.
0.000032 seconds for Process 1 to receive.
0.000032 seconds for Process 1 to receive.
0.000032 seconds for Process 1 to receive.
0.000031 seconds for Process 1 to receive.
0.000031 seconds for Process 1 to receive.
0.000032 seconds for Process 1 to receive.
0.000031 seconds for Process 1 to receive.
0.000032 seconds for Process 1 to receive.
0.000032 seconds for Process 1 to receive.
0.000033 seconds for Process 1 to receive.
0.000031 seconds for Process 1 to receive.
0.000031 seconds for Process 1 to receive.
0.000031 seconds for Process 1 to receive.
0.000034 seconds for Process 1 to receive.
0.000031 seconds for Process 1 to receive.
0.000039 seconds for Process 1 to receive.
0.000066 seconds for Process 1 to receive.
0.000023 seconds for Process 1 to receive.
0.000031 seconds for Process 1 to receive.
0.000032 seconds for Process 1 to receive.
0.000032 seconds for Process 1 to receive.
0.000033 seconds for Process 1 to receive.
0.000032 seconds for Process 1 to receive.
0.000030 seconds for Process 1 to receive.
0.000032 seconds for Process 1 to receive.
0.000032 seconds for Process 1 to receive.
0.000031 seconds for Process 1 to receive.
0.000030 seconds for Process 1 to receive.
0.000032 seconds for Process 1 to receive.
0.000032 seconds for Process 1 to receive.
0.000031 seconds for Process 1 to receive.
0.000032 seconds for Process 1 to receive.
0.000033 seconds for Process 1 to receive.
0.000032 seconds for Process 1 to receive.
0.000031 seconds for Process 1 to receive.
0.000031 seconds for Process 1 to receive.
0.000031 seconds for Process 1 to receive.
0.000034 seconds for Process 1 to receive.
0.000031 seconds for Process 1 to receive.
0.000032 seconds for Process 1 to receive.
0.000031 seconds for Process 1 to receive.
0.000033 seconds for Process 1 to receive.
0.000032 seconds for Process 1 to receive.
0.000032 seconds for Process 1 to receive.
0.000031 seconds for Process 1 to receive.
0.000032 seconds for Process 1 to receive.
0.000031 seconds for Process 1 to receive.
0.000032 seconds for Process 1 to receive.
0.000032 seconds for Process 1 to receive.
0.000033 seconds for Process 1 to receive.
0.000031 seconds for Process 1 to receive.
0.000030 seconds for Process 1 to receive.
0.000031 seconds for Process 1 to receive.
0.000031 seconds for Process 1 to receive.
0.000031 seconds for Process 1 to receive.
0.000032 seconds for Process 1 to receive.
0.000032 seconds for Process 1 to receive.
0.000032 seconds for Process 1 to receive.
0.000033 seconds for Process 1 to receive.
0.000030 seconds for Process 1 to receive.
0.000032 seconds for Process 1 to receive.
0.000033 seconds for Process 1 to receive.
0.000030 seconds for Process 1 to receive.
0.000031 seconds for Process 1 to receive.
0.000032 seconds for Process 1 to receive.
0.000032 seconds for Process 1 to receive.
0.000031 seconds for Process 1 to receive.
0.000032 seconds for Process 1 to receive.
0.000032 seconds for Process 1 to receive.
0.000032 seconds for Process 1 to receive.
0.000032 seconds for Process 1 to receive.
0.000032 seconds for Process 1 to receive.
0.000055 seconds for Process 1 to receive.
0.000022 seconds for Process 1 to receive.
0.000032 seconds for Process 1 to receive.
0.000030 seconds for Process 1 to receive.

everything send correctly 
