8000 Byte are send
0.050000 load average last 15 minutes 
0.010000 load average last 5 minutes
0.000000 load average last minute
CPU time used = 0.000000
0.055197 seconds for Process 0 to send.
0.000027 seconds for Process 0 to send.
0.000017 seconds for Process 0 to send.
0.000016 seconds for Process 0 to send.
0.000016 seconds for Process 0 to send.
0.000017 seconds for Process 0 to send.
0.000016 seconds for Process 0 to send.
0.000016 seconds for Process 0 to send.
0.000018 seconds for Process 0 to send.
0.000016 seconds for Process 0 to send.
0.000016 seconds for Process 0 to send.
0.000015 seconds for Process 0 to send.
0.000015 seconds for Process 0 to send.
0.000016 seconds for Process 0 to send.
0.000016 seconds for Process 0 to send.
0.000016 seconds for Process 0 to send.
0.000016 seconds for Process 0 to send.
0.000017 seconds for Process 0 to send.
0.000016 seconds for Process 0 to send.
0.000016 seconds for Process 0 to send.
0.000016 seconds for Process 0 to send.
0.000016 seconds for Process 0 to send.
0.000016 seconds for Process 0 to send.
0.000017 seconds for Process 0 to send.
0.000016 seconds for Process 0 to send.
0.000016 seconds for Process 0 to send.
0.000016 seconds for Process 0 to send.
0.000016 seconds for Process 0 to send.
0.000017 seconds for Process 0 to send.
0.000016 seconds for Process 0 to send.
0.000021 seconds for Process 0 to send.
0.000018 seconds for Process 0 to send.
0.000016 seconds for Process 0 to send.
0.000016 seconds for Process 0 to send.
0.000016 seconds for Process 0 to send.
0.000017 seconds for Process 0 to send.
0.000016 seconds for Process 0 to send.
0.000017 seconds for Process 0 to send.
0.000017 seconds for Process 0 to send.
0.000016 seconds for Process 0 to send.
0.000016 seconds for Process 0 to send.
0.000016 seconds for Process 0 to send.
0.000015 seconds for Process 0 to send.
0.000017 seconds for Process 0 to send.
0.000016 seconds for Process 0 to send.
0.000017 seconds for Process 0 to send.
0.000015 seconds for Process 0 to send.
0.000016 seconds for Process 0 to send.
0.000017 seconds for Process 0 to send.
0.000016 seconds for Process 0 to send.
0.000016 seconds for Process 0 to send.
0.000017 seconds for Process 0 to send.
0.000016 seconds for Process 0 to send.
0.000016 seconds for Process 0 to send.
0.000016 seconds for Process 0 to send.
0.000016 seconds for Process 0 to send.
0.000016 seconds for Process 0 to send.
0.000016 seconds for Process 0 to send.
0.000016 seconds for Process 0 to send.
0.000016 seconds for Process 0 to send.
0.000016 seconds for Process 0 to send.
0.000016 seconds for Process 0 to send.
0.000016 seconds for Process 0 to send.
0.000016 seconds for Process 0 to send.
0.000017 seconds for Process 0 to send.
0.000016 seconds for Process 0 to send.
0.000016 seconds for Process 0 to send.
0.000016 seconds for Process 0 to send.
0.000016 seconds for Process 0 to send.
0.000016 seconds for Process 0 to send.
0.000016 seconds for Process 0 to send.
0.000016 seconds for Process 0 to send.
0.000016 seconds for Process 0 to send.
0.000016 seconds for Process 0 to send.
0.000016 seconds for Process 0 to send.
0.000016 seconds for Process 0 to send.
0.000016 seconds for Process 0 to send.
0.000015 seconds for Process 0 to send.
0.000016 seconds for Process 0 to send.
0.000016 seconds for Process 0 to send.
0.000016 seconds for Process 0 to send.
0.000017 seconds for Process 0 to send.
0.000015 seconds for Process 0 to send.
0.000016 seconds for Process 0 to send.
0.000016 seconds for Process 0 to send.
0.000018 seconds for Process 0 to send.
0.000016 seconds for Process 0 to send.
0.000016 seconds for Process 0 to send.
0.000016 seconds for Process 0 to send.
0.000015 seconds for Process 0 to send.
0.000016 seconds for Process 0 to send.
0.000016 seconds for Process 0 to send.
0.000016 seconds for Process 0 to send.
0.000016 seconds for Process 0 to send.
0.000016 seconds for Process 0 to send.
0.000016 seconds for Process 0 to send.
0.000016 seconds for Process 0 to send.
0.000016 seconds for Process 0 to send.
0.000016 seconds for Process 0 to send.
0.055225 seconds for Process 1 to receive.
0.000032 seconds for Process 1 to receive.
0.000021 seconds for Process 1 to receive.
0.000020 seconds for Process 1 to receive.
0.000021 seconds for Process 1 to receive.
0.000022 seconds for Process 1 to receive.
0.000020 seconds for Process 1 to receive.
0.000017 seconds for Process 1 to receive.
0.000022 seconds for Process 1 to receive.
0.000021 seconds for Process 1 to receive.
0.000017 seconds for Process 1 to receive.
0.000019 seconds for Process 1 to receive.
0.000017 seconds for Process 1 to receive.
0.000017 seconds for Process 1 to receive.
0.000018 seconds for Process 1 to receive.
0.000016 seconds for Process 1 to receive.
0.000017 seconds for Process 1 to receive.
0.000021 seconds for Process 1 to receive.
0.000021 seconds for Process 1 to receive.
0.000018 seconds for Process 1 to receive.
0.000018 seconds for Process 1 to receive.
0.000018 seconds for Process 1 to receive.
0.000018 seconds for Process 1 to receive.
0.000018 seconds for Process 1 to receive.
0.000020 seconds for Process 1 to receive.
0.000018 seconds for Process 1 to receive.
0.000021 seconds for Process 1 to receive.
0.000017 seconds for Process 1 to receive.
0.000023 seconds for Process 1 to receive.
0.000019 seconds for Process 1 to receive.
0.000023 seconds for Process 1 to receive.
0.000014 seconds for Process 1 to receive.
0.000021 seconds for Process 1 to receive.
0.000020 seconds for Process 1 to receive.
0.000018 seconds for Process 1 to receive.
0.000017 seconds for Process 1 to receive.
0.000017 seconds for Process 1 to receive.
0.000018 seconds for Process 1 to receive.
0.000018 seconds for Process 1 to receive.
0.000018 seconds for Process 1 to receive.
0.000017 seconds for Process 1 to receive.
0.000021 seconds for Process 1 to receive.
0.000018 seconds for Process 1 to receive.
0.000017 seconds for Process 1 to receive.
0.000018 seconds for Process 1 to receive.
0.000019 seconds for Process 1 to receive.
0.000017 seconds for Process 1 to receive.
0.000020 seconds for Process 1 to receive.
0.000019 seconds for Process 1 to receive.
0.000018 seconds for Process 1 to receive.
0.000018 seconds for Process 1 to receive.
0.000018 seconds for Process 1 to receive.
0.000018 seconds for Process 1 to receive.
0.000017 seconds for Process 1 to receive.
0.000017 seconds for Process 1 to receive.
0.000018 seconds for Process 1 to receive.
0.000017 seconds for Process 1 to receive.
0.000017 seconds for Process 1 to receive.
0.000018 seconds for Process 1 to receive.
0.000019 seconds for Process 1 to receive.
0.000018 seconds for Process 1 to receive.
0.000018 seconds for Process 1 to receive.
0.000021 seconds for Process 1 to receive.
0.000018 seconds for Process 1 to receive.
0.000019 seconds for Process 1 to receive.
0.000018 seconds for Process 1 to receive.
0.000021 seconds for Process 1 to receive.
0.000020 seconds for Process 1 to receive.
0.000018 seconds for Process 1 to receive.
0.000018 seconds for Process 1 to receive.
0.000017 seconds for Process 1 to receive.
0.000017 seconds for Process 1 to receive.
0.000021 seconds for Process 1 to receive.
0.000020 seconds for Process 1 to receive.
0.000020 seconds for Process 1 to receive.
0.000018 seconds for Process 1 to receive.
0.000018 seconds for Process 1 to receive.
0.000019 seconds for Process 1 to receive.
0.000020 seconds for Process 1 to receive.
0.000018 seconds for Process 1 to receive.
0.000016 seconds for Process 1 to receive.
0.000021 seconds for Process 1 to receive.
0.000017 seconds for Process 1 to receive.
0.000017 seconds for Process 1 to receive.
0.000021 seconds for Process 1 to receive.
0.000018 seconds for Process 1 to receive.
0.000020 seconds for Process 1 to receive.
0.000018 seconds for Process 1 to receive.
0.000017 seconds for Process 1 to receive.
0.000018 seconds for Process 1 to receive.
0.000018 seconds for Process 1 to receive.
0.000021 seconds for Process 1 to receive.
0.000017 seconds for Process 1 to receive.
0.000017 seconds for Process 1 to receive.
0.000018 seconds for Process 1 to receive.
0.000020 seconds for Process 1 to receive.
0.000020 seconds for Process 1 to receive.
0.000017 seconds for Process 1 to receive.
0.000020 seconds for Process 1 to receive.

everything send correctly 
