8192000 Byte are send
0.050000 load average last 15 minutes 
0.030000 load average last 5 minutes
0.080000 load average last minute
CPU time used = 0.000000
0.069211 seconds for Process 0 to send.
0.008315 seconds for Process 0 to send.
0.008310 seconds for Process 0 to send.
0.008301 seconds for Process 0 to send.
0.008351 seconds for Process 0 to send.
0.008337 seconds for Process 0 to send.
0.008399 seconds for Process 0 to send.
0.008317 seconds for Process 0 to send.
0.008340 seconds for Process 0 to send.
0.008439 seconds for Process 0 to send.
0.008407 seconds for Process 0 to send.
0.008334 seconds for Process 0 to send.
0.008321 seconds for Process 0 to send.
0.008408 seconds for Process 0 to send.
0.008371 seconds for Process 0 to send.
0.008352 seconds for Process 0 to send.
0.008378 seconds for Process 0 to send.
0.008400 seconds for Process 0 to send.
0.008303 seconds for Process 0 to send.
0.008443 seconds for Process 0 to send.
0.008368 seconds for Process 0 to send.
0.008364 seconds for Process 0 to send.
0.008368 seconds for Process 0 to send.
0.008362 seconds for Process 0 to send.
0.008389 seconds for Process 0 to send.
0.008422 seconds for Process 0 to send.
0.008362 seconds for Process 0 to send.
0.008375 seconds for Process 0 to send.
0.008532 seconds for Process 0 to send.
0.008325 seconds for Process 0 to send.
0.008382 seconds for Process 0 to send.
0.008390 seconds for Process 0 to send.
0.008386 seconds for Process 0 to send.
0.008378 seconds for Process 0 to send.
0.008378 seconds for Process 0 to send.
0.008398 seconds for Process 0 to send.
0.008348 seconds for Process 0 to send.
0.008424 seconds for Process 0 to send.
0.008419 seconds for Process 0 to send.
0.008399 seconds for Process 0 to send.
0.008432 seconds for Process 0 to send.
0.008383 seconds for Process 0 to send.
0.008383 seconds for Process 0 to send.
0.008356 seconds for Process 0 to send.
0.008361 seconds for Process 0 to send.
0.008419 seconds for Process 0 to send.
0.008386 seconds for Process 0 to send.
0.008382 seconds for Process 0 to send.
0.008389 seconds for Process 0 to send.
0.008405 seconds for Process 0 to send.
0.008466 seconds for Process 0 to send.
0.008393 seconds for Process 0 to send.
0.008438 seconds for Process 0 to send.
0.008625 seconds for Process 0 to send.
0.008424 seconds for Process 0 to send.
0.008449 seconds for Process 0 to send.
0.008393 seconds for Process 0 to send.
0.008277 seconds for Process 0 to send.
0.008420 seconds for Process 0 to send.
0.008361 seconds for Process 0 to send.
0.008320 seconds for Process 0 to send.
0.008338 seconds for Process 0 to send.
0.008336 seconds for Process 0 to send.
0.008353 seconds for Process 0 to send.
0.008314 seconds for Process 0 to send.
0.008386 seconds for Process 0 to send.
0.008387 seconds for Process 0 to send.
0.008462 seconds for Process 0 to send.
0.008330 seconds for Process 0 to send.
0.008423 seconds for Process 0 to send.
0.008425 seconds for Process 0 to send.
0.008385 seconds for Process 0 to send.
0.008318 seconds for Process 0 to send.
0.008309 seconds for Process 0 to send.
0.008324 seconds for Process 0 to send.
0.008455 seconds for Process 0 to send.
0.008403 seconds for Process 0 to send.
0.008394 seconds for Process 0 to send.
0.008447 seconds for Process 0 to send.
0.008363 seconds for Process 0 to send.
0.008431 seconds for Process 0 to send.
0.008403 seconds for Process 0 to send.
0.008444 seconds for Process 0 to send.
0.008436 seconds for Process 0 to send.
0.008315 seconds for Process 0 to send.
0.008371 seconds for Process 0 to send.
0.008379 seconds for Process 0 to send.
0.008337 seconds for Process 0 to send.
0.008355 seconds for Process 0 to send.
0.008362 seconds for Process 0 to send.
0.008406 seconds for Process 0 to send.
0.008436 seconds for Process 0 to send.
0.008472 seconds for Process 0 to send.
0.008385 seconds for Process 0 to send.
0.008356 seconds for Process 0 to send.
0.008454 seconds for Process 0 to send.
0.008336 seconds for Process 0 to send.
0.008423 seconds for Process 0 to send.
0.008363 seconds for Process 0 to send.
0.107783 seconds for Process 1 to receive.
0.013584 seconds for Process 1 to receive.
0.013649 seconds for Process 1 to receive.
0.013558 seconds for Process 1 to receive.
0.013581 seconds for Process 1 to receive.
0.013589 seconds for Process 1 to receive.
0.013582 seconds for Process 1 to receive.
0.013482 seconds for Process 1 to receive.
0.013545 seconds for Process 1 to receive.
0.013757 seconds for Process 1 to receive.
0.013667 seconds for Process 1 to receive.
0.013716 seconds for Process 1 to receive.
0.013637 seconds for Process 1 to receive.
0.013649 seconds for Process 1 to receive.
0.013440 seconds for Process 1 to receive.
0.013403 seconds for Process 1 to receive.
0.013707 seconds for Process 1 to receive.
0.013670 seconds for Process 1 to receive.
0.013635 seconds for Process 1 to receive.
0.013687 seconds for Process 1 to receive.
0.013604 seconds for Process 1 to receive.
0.013641 seconds for Process 1 to receive.
0.013544 seconds for Process 1 to receive.
0.013591 seconds for Process 1 to receive.
0.013647 seconds for Process 1 to receive.
0.013792 seconds for Process 1 to receive.
0.013530 seconds for Process 1 to receive.
0.013646 seconds for Process 1 to receive.
0.013837 seconds for Process 1 to receive.
0.013517 seconds for Process 1 to receive.
0.013444 seconds for Process 1 to receive.
0.013424 seconds for Process 1 to receive.
0.013622 seconds for Process 1 to receive.
0.013657 seconds for Process 1 to receive.
0.013599 seconds for Process 1 to receive.
0.013671 seconds for Process 1 to receive.
0.013638 seconds for Process 1 to receive.
0.013634 seconds for Process 1 to receive.
0.013561 seconds for Process 1 to receive.
0.013608 seconds for Process 1 to receive.
0.013938 seconds for Process 1 to receive.
0.013920 seconds for Process 1 to receive.
0.013836 seconds for Process 1 to receive.
0.013937 seconds for Process 1 to receive.
0.013650 seconds for Process 1 to receive.
0.013893 seconds for Process 1 to receive.
0.013648 seconds for Process 1 to receive.
0.013741 seconds for Process 1 to receive.
0.013905 seconds for Process 1 to receive.
0.014011 seconds for Process 1 to receive.
0.013900 seconds for Process 1 to receive.
0.013977 seconds for Process 1 to receive.
0.014006 seconds for Process 1 to receive.
0.014186 seconds for Process 1 to receive.
0.013816 seconds for Process 1 to receive.
0.013832 seconds for Process 1 to receive.
0.013830 seconds for Process 1 to receive.
0.013665 seconds for Process 1 to receive.
0.013897 seconds for Process 1 to receive.
0.013927 seconds for Process 1 to receive.
0.013769 seconds for Process 1 to receive.
0.013875 seconds for Process 1 to receive.
0.013705 seconds for Process 1 to receive.
0.013382 seconds for Process 1 to receive.
0.013520 seconds for Process 1 to receive.
0.013914 seconds for Process 1 to receive.
0.013889 seconds for Process 1 to receive.
0.014003 seconds for Process 1 to receive.
0.013905 seconds for Process 1 to receive.
0.013987 seconds for Process 1 to receive.
0.013798 seconds for Process 1 to receive.
0.013819 seconds for Process 1 to receive.
0.013605 seconds for Process 1 to receive.
0.013912 seconds for Process 1 to receive.
0.013800 seconds for Process 1 to receive.
0.013986 seconds for Process 1 to receive.
0.013917 seconds for Process 1 to receive.
0.013954 seconds for Process 1 to receive.
0.013737 seconds for Process 1 to receive.
0.013734 seconds for Process 1 to receive.
0.013929 seconds for Process 1 to receive.
0.013983 seconds for Process 1 to receive.
0.013888 seconds for Process 1 to receive.
0.013969 seconds for Process 1 to receive.
0.013859 seconds for Process 1 to receive.
0.013863 seconds for Process 1 to receive.
0.013796 seconds for Process 1 to receive.
0.013633 seconds for Process 1 to receive.
0.013709 seconds for Process 1 to receive.
0.013677 seconds for Process 1 to receive.
0.013714 seconds for Process 1 to receive.
0.013620 seconds for Process 1 to receive.
0.013753 seconds for Process 1 to receive.
0.013670 seconds for Process 1 to receive.
0.013491 seconds for Process 1 to receive.
0.013425 seconds for Process 1 to receive.
0.013706 seconds for Process 1 to receive.
0.013691 seconds for Process 1 to receive.
0.013697 seconds for Process 1 to receive.

everything send correctly 
