256000 Byte are send
0.050000 load average last 15 minutes 
0.010000 load average last 5 minutes
0.000000 load average last minute
CPU time used = 0.000000
0.055112 seconds for Process 0 to send.
0.000495 seconds for Process 0 to send.
0.000229 seconds for Process 0 to send.
0.000225 seconds for Process 0 to send.
0.000225 seconds for Process 0 to send.
0.000224 seconds for Process 0 to send.
0.000223 seconds for Process 0 to send.
0.000224 seconds for Process 0 to send.
0.000225 seconds for Process 0 to send.
0.000223 seconds for Process 0 to send.
0.000221 seconds for Process 0 to send.
0.000227 seconds for Process 0 to send.
0.000259 seconds for Process 0 to send.
0.000223 seconds for Process 0 to send.
0.000222 seconds for Process 0 to send.
0.000232 seconds for Process 0 to send.
0.000232 seconds for Process 0 to send.
0.000225 seconds for Process 0 to send.
0.000221 seconds for Process 0 to send.
0.000222 seconds for Process 0 to send.
0.000221 seconds for Process 0 to send.
0.000224 seconds for Process 0 to send.
0.000223 seconds for Process 0 to send.
0.000223 seconds for Process 0 to send.
0.000223 seconds for Process 0 to send.
0.000224 seconds for Process 0 to send.
0.000221 seconds for Process 0 to send.
0.000221 seconds for Process 0 to send.
0.000222 seconds for Process 0 to send.
0.000223 seconds for Process 0 to send.
0.000222 seconds for Process 0 to send.
0.000223 seconds for Process 0 to send.
0.000224 seconds for Process 0 to send.
0.000223 seconds for Process 0 to send.
0.000222 seconds for Process 0 to send.
0.000222 seconds for Process 0 to send.
0.000222 seconds for Process 0 to send.
0.000223 seconds for Process 0 to send.
0.000222 seconds for Process 0 to send.
0.000222 seconds for Process 0 to send.
0.000235 seconds for Process 0 to send.
0.000225 seconds for Process 0 to send.
0.000224 seconds for Process 0 to send.
0.000223 seconds for Process 0 to send.
0.000223 seconds for Process 0 to send.
0.000229 seconds for Process 0 to send.
0.000221 seconds for Process 0 to send.
0.000222 seconds for Process 0 to send.
0.000222 seconds for Process 0 to send.
0.000224 seconds for Process 0 to send.
0.000224 seconds for Process 0 to send.
0.000224 seconds for Process 0 to send.
0.000223 seconds for Process 0 to send.
0.000223 seconds for Process 0 to send.
0.000221 seconds for Process 0 to send.
0.000222 seconds for Process 0 to send.
0.000222 seconds for Process 0 to send.
0.000224 seconds for Process 0 to send.
0.000225 seconds for Process 0 to send.
0.000223 seconds for Process 0 to send.
0.000222 seconds for Process 0 to send.
0.000223 seconds for Process 0 to send.
0.000222 seconds for Process 0 to send.
0.000222 seconds for Process 0 to send.
0.000223 seconds for Process 0 to send.
0.000230 seconds for Process 0 to send.
0.000222 seconds for Process 0 to send.
0.000224 seconds for Process 0 to send.
0.000222 seconds for Process 0 to send.
0.000223 seconds for Process 0 to send.
0.000222 seconds for Process 0 to send.
0.000223 seconds for Process 0 to send.
0.000229 seconds for Process 0 to send.
0.000223 seconds for Process 0 to send.
0.000222 seconds for Process 0 to send.
0.000223 seconds for Process 0 to send.
0.000222 seconds for Process 0 to send.
0.000231 seconds for Process 0 to send.
0.000223 seconds for Process 0 to send.
0.000222 seconds for Process 0 to send.
0.000222 seconds for Process 0 to send.
0.000230 seconds for Process 0 to send.
0.000222 seconds for Process 0 to send.
0.000223 seconds for Process 0 to send.
0.000224 seconds for Process 0 to send.
0.000237 seconds for Process 0 to send.
0.000223 seconds for Process 0 to send.
0.000223 seconds for Process 0 to send.
0.000222 seconds for Process 0 to send.
0.000222 seconds for Process 0 to send.
0.000222 seconds for Process 0 to send.
0.000224 seconds for Process 0 to send.
0.000222 seconds for Process 0 to send.
0.000224 seconds for Process 0 to send.
0.000223 seconds for Process 0 to send.
0.000223 seconds for Process 0 to send.
0.000221 seconds for Process 0 to send.
0.000222 seconds for Process 0 to send.
0.000222 seconds for Process 0 to send.
0.056698 seconds for Process 1 to receive.
0.000238 seconds for Process 1 to receive.
0.000339 seconds for Process 1 to receive.
0.000325 seconds for Process 1 to receive.
0.000344 seconds for Process 1 to receive.
0.000333 seconds for Process 1 to receive.
0.000339 seconds for Process 1 to receive.
0.000323 seconds for Process 1 to receive.
0.000348 seconds for Process 1 to receive.
0.000333 seconds for Process 1 to receive.
0.000329 seconds for Process 1 to receive.
0.000335 seconds for Process 1 to receive.
0.000371 seconds for Process 1 to receive.
0.000337 seconds for Process 1 to receive.
0.000336 seconds for Process 1 to receive.
0.000347 seconds for Process 1 to receive.
0.000339 seconds for Process 1 to receive.
0.000339 seconds for Process 1 to receive.
0.000325 seconds for Process 1 to receive.
0.000326 seconds for Process 1 to receive.
0.000327 seconds for Process 1 to receive.
0.000338 seconds for Process 1 to receive.
0.000332 seconds for Process 1 to receive.
0.000332 seconds for Process 1 to receive.
0.000329 seconds for Process 1 to receive.
0.000340 seconds for Process 1 to receive.
0.000329 seconds for Process 1 to receive.
0.000333 seconds for Process 1 to receive.
0.000325 seconds for Process 1 to receive.
0.000336 seconds for Process 1 to receive.
0.000336 seconds for Process 1 to receive.
0.000337 seconds for Process 1 to receive.
0.000327 seconds for Process 1 to receive.
0.000339 seconds for Process 1 to receive.
0.000329 seconds for Process 1 to receive.
0.000328 seconds for Process 1 to receive.
0.000319 seconds for Process 1 to receive.
0.000358 seconds for Process 1 to receive.
0.000331 seconds for Process 1 to receive.
0.000333 seconds for Process 1 to receive.
0.000345 seconds for Process 1 to receive.
0.000344 seconds for Process 1 to receive.
0.000333 seconds for Process 1 to receive.
0.000328 seconds for Process 1 to receive.
0.000333 seconds for Process 1 to receive.
0.000341 seconds for Process 1 to receive.
0.000330 seconds for Process 1 to receive.
0.000336 seconds for Process 1 to receive.
0.000330 seconds for Process 1 to receive.
0.000331 seconds for Process 1 to receive.
0.000337 seconds for Process 1 to receive.
0.000332 seconds for Process 1 to receive.
0.000333 seconds for Process 1 to receive.
0.000320 seconds for Process 1 to receive.
0.000336 seconds for Process 1 to receive.
0.000332 seconds for Process 1 to receive.
0.000331 seconds for Process 1 to receive.
0.000328 seconds for Process 1 to receive.
0.000345 seconds for Process 1 to receive.
0.000331 seconds for Process 1 to receive.
0.000332 seconds for Process 1 to receive.
0.000324 seconds for Process 1 to receive.
0.000340 seconds for Process 1 to receive.
0.000336 seconds for Process 1 to receive.
0.000332 seconds for Process 1 to receive.
0.000334 seconds for Process 1 to receive.
0.000336 seconds for Process 1 to receive.
0.000331 seconds for Process 1 to receive.
0.000332 seconds for Process 1 to receive.
0.000337 seconds for Process 1 to receive.
0.000341 seconds for Process 1 to receive.
0.000333 seconds for Process 1 to receive.
0.000340 seconds for Process 1 to receive.
0.000334 seconds for Process 1 to receive.
0.000327 seconds for Process 1 to receive.
0.000330 seconds for Process 1 to receive.
0.000333 seconds for Process 1 to receive.
0.000339 seconds for Process 1 to receive.
0.000329 seconds for Process 1 to receive.
0.000341 seconds for Process 1 to receive.
0.000331 seconds for Process 1 to receive.
0.000342 seconds for Process 1 to receive.
0.000270 seconds for Process 1 to receive.
0.000259 seconds for Process 1 to receive.
0.000258 seconds for Process 1 to receive.
0.000275 seconds for Process 1 to receive.
0.000254 seconds for Process 1 to receive.
0.000262 seconds for Process 1 to receive.
0.000257 seconds for Process 1 to receive.
0.000256 seconds for Process 1 to receive.
0.000241 seconds for Process 1 to receive.
0.000253 seconds for Process 1 to receive.
0.000259 seconds for Process 1 to receive.
0.000259 seconds for Process 1 to receive.
0.000255 seconds for Process 1 to receive.
0.000278 seconds for Process 1 to receive.
0.000250 seconds for Process 1 to receive.
0.000257 seconds for Process 1 to receive.
0.000254 seconds for Process 1 to receive.

everything send correctly 
