32768000 Byte are send
0.060000 load average last 15 minutes 
0.060000 load average last 5 minutes
0.220000 load average last minute
CPU time used = 0.000000
0.124403 seconds for Process 0 to send.
0.030065 seconds for Process 0 to send.
0.031916 seconds for Process 0 to send.
0.031919 seconds for Process 0 to send.
0.032071 seconds for Process 0 to send.
0.032050 seconds for Process 0 to send.
0.032005 seconds for Process 0 to send.
0.031982 seconds for Process 0 to send.
0.032026 seconds for Process 0 to send.
0.029824 seconds for Process 0 to send.
0.029874 seconds for Process 0 to send.
0.032139 seconds for Process 0 to send.
0.031999 seconds for Process 0 to send.
0.032333 seconds for Process 0 to send.
0.032090 seconds for Process 0 to send.
0.031961 seconds for Process 0 to send.
0.031903 seconds for Process 0 to send.
0.032170 seconds for Process 0 to send.
0.032137 seconds for Process 0 to send.
0.031869 seconds for Process 0 to send.
0.032081 seconds for Process 0 to send.
0.031830 seconds for Process 0 to send.
0.031995 seconds for Process 0 to send.
0.031991 seconds for Process 0 to send.
0.032122 seconds for Process 0 to send.
0.032060 seconds for Process 0 to send.
0.031892 seconds for Process 0 to send.
0.031956 seconds for Process 0 to send.
0.032229 seconds for Process 0 to send.
0.032137 seconds for Process 0 to send.
0.032040 seconds for Process 0 to send.
0.032022 seconds for Process 0 to send.
0.032066 seconds for Process 0 to send.
0.032168 seconds for Process 0 to send.
0.032131 seconds for Process 0 to send.
0.032015 seconds for Process 0 to send.
0.032058 seconds for Process 0 to send.
0.032172 seconds for Process 0 to send.
0.032026 seconds for Process 0 to send.
0.032064 seconds for Process 0 to send.
0.032014 seconds for Process 0 to send.
0.031916 seconds for Process 0 to send.
0.032084 seconds for Process 0 to send.
0.031967 seconds for Process 0 to send.
0.032041 seconds for Process 0 to send.
0.032084 seconds for Process 0 to send.
0.032175 seconds for Process 0 to send.
0.032038 seconds for Process 0 to send.
0.031974 seconds for Process 0 to send.
0.032028 seconds for Process 0 to send.
0.031851 seconds for Process 0 to send.
0.032054 seconds for Process 0 to send.
0.032005 seconds for Process 0 to send.
0.032021 seconds for Process 0 to send.
0.032049 seconds for Process 0 to send.
0.031940 seconds for Process 0 to send.
0.032073 seconds for Process 0 to send.
0.031965 seconds for Process 0 to send.
0.032002 seconds for Process 0 to send.
0.032085 seconds for Process 0 to send.
0.032063 seconds for Process 0 to send.
0.032109 seconds for Process 0 to send.
0.032093 seconds for Process 0 to send.
0.031974 seconds for Process 0 to send.
0.032019 seconds for Process 0 to send.
0.032007 seconds for Process 0 to send.
0.032044 seconds for Process 0 to send.
0.032143 seconds for Process 0 to send.
0.032235 seconds for Process 0 to send.
0.032022 seconds for Process 0 to send.
0.032007 seconds for Process 0 to send.
0.032097 seconds for Process 0 to send.
0.032148 seconds for Process 0 to send.
0.032108 seconds for Process 0 to send.
0.032184 seconds for Process 0 to send.
0.032115 seconds for Process 0 to send.
0.032070 seconds for Process 0 to send.
0.032079 seconds for Process 0 to send.
0.032041 seconds for Process 0 to send.
0.032038 seconds for Process 0 to send.
0.031897 seconds for Process 0 to send.
0.032099 seconds for Process 0 to send.
0.031966 seconds for Process 0 to send.
0.031987 seconds for Process 0 to send.
0.032107 seconds for Process 0 to send.
0.029777 seconds for Process 0 to send.
0.029994 seconds for Process 0 to send.
0.029901 seconds for Process 0 to send.
0.029975 seconds for Process 0 to send.
0.030077 seconds for Process 0 to send.
0.029895 seconds for Process 0 to send.
0.029986 seconds for Process 0 to send.
0.032069 seconds for Process 0 to send.
0.031986 seconds for Process 0 to send.
0.032047 seconds for Process 0 to send.
0.032177 seconds for Process 0 to send.
0.032026 seconds for Process 0 to send.
0.032053 seconds for Process 0 to send.
0.032019 seconds for Process 0 to send.
0.276597 seconds for Process 1 to receive.
0.039826 seconds for Process 1 to receive.
0.050505 seconds for Process 1 to receive.
0.050379 seconds for Process 1 to receive.
0.051396 seconds for Process 1 to receive.
0.051605 seconds for Process 1 to receive.
0.051323 seconds for Process 1 to receive.
0.051416 seconds for Process 1 to receive.
0.049973 seconds for Process 1 to receive.
0.049175 seconds for Process 1 to receive.
0.038346 seconds for Process 1 to receive.
0.041690 seconds for Process 1 to receive.
0.052179 seconds for Process 1 to receive.
0.052673 seconds for Process 1 to receive.
0.052497 seconds for Process 1 to receive.
0.052275 seconds for Process 1 to receive.
0.052320 seconds for Process 1 to receive.
0.052599 seconds for Process 1 to receive.
0.051741 seconds for Process 1 to receive.
0.051586 seconds for Process 1 to receive.
0.052468 seconds for Process 1 to receive.
0.052155 seconds for Process 1 to receive.
0.052474 seconds for Process 1 to receive.
0.051826 seconds for Process 1 to receive.
0.051557 seconds for Process 1 to receive.
0.051548 seconds for Process 1 to receive.
0.051292 seconds for Process 1 to receive.
0.051727 seconds for Process 1 to receive.
0.052648 seconds for Process 1 to receive.
0.052446 seconds for Process 1 to receive.
0.052348 seconds for Process 1 to receive.
0.052155 seconds for Process 1 to receive.
0.052223 seconds for Process 1 to receive.
0.052594 seconds for Process 1 to receive.
0.051964 seconds for Process 1 to receive.
0.051611 seconds for Process 1 to receive.
0.052163 seconds for Process 1 to receive.
0.052530 seconds for Process 1 to receive.
0.052403 seconds for Process 1 to receive.
0.052490 seconds for Process 1 to receive.
0.051979 seconds for Process 1 to receive.
0.052251 seconds for Process 1 to receive.
0.052008 seconds for Process 1 to receive.
0.051832 seconds for Process 1 to receive.
0.052259 seconds for Process 1 to receive.
0.052517 seconds for Process 1 to receive.
0.052475 seconds for Process 1 to receive.
0.052574 seconds for Process 1 to receive.
0.052324 seconds for Process 1 to receive.
0.052653 seconds for Process 1 to receive.
0.051285 seconds for Process 1 to receive.
0.051582 seconds for Process 1 to receive.
0.052347 seconds for Process 1 to receive.
0.052449 seconds for Process 1 to receive.
0.052588 seconds for Process 1 to receive.
0.052334 seconds for Process 1 to receive.
0.052513 seconds for Process 1 to receive.
0.052042 seconds for Process 1 to receive.
0.051855 seconds for Process 1 to receive.
0.052037 seconds for Process 1 to receive.
0.052362 seconds for Process 1 to receive.
0.052303 seconds for Process 1 to receive.
0.052503 seconds for Process 1 to receive.
0.052459 seconds for Process 1 to receive.
0.052439 seconds for Process 1 to receive.
0.052225 seconds for Process 1 to receive.
0.050859 seconds for Process 1 to receive.
0.051692 seconds for Process 1 to receive.
0.052221 seconds for Process 1 to receive.
0.052414 seconds for Process 1 to receive.
0.052295 seconds for Process 1 to receive.
0.052435 seconds for Process 1 to receive.
0.052699 seconds for Process 1 to receive.
0.052438 seconds for Process 1 to receive.
0.052037 seconds for Process 1 to receive.
0.052242 seconds for Process 1 to receive.
0.052281 seconds for Process 1 to receive.
0.052483 seconds for Process 1 to receive.
0.052175 seconds for Process 1 to receive.
0.052709 seconds for Process 1 to receive.
0.052319 seconds for Process 1 to receive.
0.052507 seconds for Process 1 to receive.
0.051502 seconds for Process 1 to receive.
0.050562 seconds for Process 1 to receive.
0.052515 seconds for Process 1 to receive.
0.043073 seconds for Process 1 to receive.
0.040612 seconds for Process 1 to receive.
0.040593 seconds for Process 1 to receive.
0.040433 seconds for Process 1 to receive.
0.040735 seconds for Process 1 to receive.
0.039076 seconds for Process 1 to receive.
0.039027 seconds for Process 1 to receive.
0.042512 seconds for Process 1 to receive.
0.052152 seconds for Process 1 to receive.
0.052475 seconds for Process 1 to receive.
0.052623 seconds for Process 1 to receive.
0.052323 seconds for Process 1 to receive.
0.052431 seconds for Process 1 to receive.
0.051589 seconds for Process 1 to receive.

everything send correctly 
