32000 Byte are send
0.050000 load average last 15 minutes 
0.010000 load average last 5 minutes
0.000000 load average last minute
CPU time used = 0.000000
0.055608 seconds for Process 0 to send.
0.000072 seconds for Process 0 to send.
0.000044 seconds for Process 0 to send.
0.000041 seconds for Process 0 to send.
0.000046 seconds for Process 0 to send.
0.000064 seconds for Process 0 to send.
0.000041 seconds for Process 0 to send.
0.000041 seconds for Process 0 to send.
0.000040 seconds for Process 0 to send.
0.000039 seconds for Process 0 to send.
0.000038 seconds for Process 0 to send.
0.000039 seconds for Process 0 to send.
0.000040 seconds for Process 0 to send.
0.000040 seconds for Process 0 to send.
0.000040 seconds for Process 0 to send.
0.000041 seconds for Process 0 to send.
0.000041 seconds for Process 0 to send.
0.000041 seconds for Process 0 to send.
0.000040 seconds for Process 0 to send.
0.000039 seconds for Process 0 to send.
0.000039 seconds for Process 0 to send.
0.000040 seconds for Process 0 to send.
0.000038 seconds for Process 0 to send.
0.000037 seconds for Process 0 to send.
0.000038 seconds for Process 0 to send.
0.000038 seconds for Process 0 to send.
0.000039 seconds for Process 0 to send.
0.000040 seconds for Process 0 to send.
0.000040 seconds for Process 0 to send.
0.000040 seconds for Process 0 to send.
0.000041 seconds for Process 0 to send.
0.000040 seconds for Process 0 to send.
0.000040 seconds for Process 0 to send.
0.000040 seconds for Process 0 to send.
0.000043 seconds for Process 0 to send.
0.000041 seconds for Process 0 to send.
0.000039 seconds for Process 0 to send.
0.000039 seconds for Process 0 to send.
0.000038 seconds for Process 0 to send.
0.000039 seconds for Process 0 to send.
0.000038 seconds for Process 0 to send.
0.000039 seconds for Process 0 to send.
0.000040 seconds for Process 0 to send.
0.000039 seconds for Process 0 to send.
0.000039 seconds for Process 0 to send.
0.000041 seconds for Process 0 to send.
0.000040 seconds for Process 0 to send.
0.000040 seconds for Process 0 to send.
0.000040 seconds for Process 0 to send.
0.000039 seconds for Process 0 to send.
0.000039 seconds for Process 0 to send.
0.000040 seconds for Process 0 to send.
0.000038 seconds for Process 0 to send.
0.000039 seconds for Process 0 to send.
0.000038 seconds for Process 0 to send.
0.000038 seconds for Process 0 to send.
0.000039 seconds for Process 0 to send.
0.000039 seconds for Process 0 to send.
0.000040 seconds for Process 0 to send.
0.000040 seconds for Process 0 to send.
0.000041 seconds for Process 0 to send.
0.000041 seconds for Process 0 to send.
0.000040 seconds for Process 0 to send.
0.000040 seconds for Process 0 to send.
0.000052 seconds for Process 0 to send.
0.000054 seconds for Process 0 to send.
0.000040 seconds for Process 0 to send.
0.000039 seconds for Process 0 to send.
0.000038 seconds for Process 0 to send.
0.000039 seconds for Process 0 to send.
0.000037 seconds for Process 0 to send.
0.000038 seconds for Process 0 to send.
0.000041 seconds for Process 0 to send.
0.000039 seconds for Process 0 to send.
0.000039 seconds for Process 0 to send.
0.000040 seconds for Process 0 to send.
0.000040 seconds for Process 0 to send.
0.000040 seconds for Process 0 to send.
0.000039 seconds for Process 0 to send.
0.000040 seconds for Process 0 to send.
0.000040 seconds for Process 0 to send.
0.000041 seconds for Process 0 to send.
0.000038 seconds for Process 0 to send.
0.000038 seconds for Process 0 to send.
0.000038 seconds for Process 0 to send.
0.000038 seconds for Process 0 to send.
0.000038 seconds for Process 0 to send.
0.000039 seconds for Process 0 to send.
0.000038 seconds for Process 0 to send.
0.000040 seconds for Process 0 to send.
0.000041 seconds for Process 0 to send.
0.000040 seconds for Process 0 to send.
0.000040 seconds for Process 0 to send.
0.000042 seconds for Process 0 to send.
0.000044 seconds for Process 0 to send.
0.000040 seconds for Process 0 to send.
0.000039 seconds for Process 0 to send.
0.000039 seconds for Process 0 to send.
0.000038 seconds for Process 0 to send.
0.055773 seconds for Process 1 to receive.
0.000049 seconds for Process 1 to receive.
0.000058 seconds for Process 1 to receive.
0.000056 seconds for Process 1 to receive.
0.000064 seconds for Process 1 to receive.
0.000047 seconds for Process 1 to receive.
0.000056 seconds for Process 1 to receive.
0.000054 seconds for Process 1 to receive.
0.000056 seconds for Process 1 to receive.
0.000053 seconds for Process 1 to receive.
0.000054 seconds for Process 1 to receive.
0.000054 seconds for Process 1 to receive.
0.000055 seconds for Process 1 to receive.
0.000054 seconds for Process 1 to receive.
0.000055 seconds for Process 1 to receive.
0.000055 seconds for Process 1 to receive.
0.000056 seconds for Process 1 to receive.
0.000057 seconds for Process 1 to receive.
0.000056 seconds for Process 1 to receive.
0.000055 seconds for Process 1 to receive.
0.000054 seconds for Process 1 to receive.
0.000055 seconds for Process 1 to receive.
0.000054 seconds for Process 1 to receive.
0.000053 seconds for Process 1 to receive.
0.000054 seconds for Process 1 to receive.
0.000052 seconds for Process 1 to receive.
0.000053 seconds for Process 1 to receive.
0.000055 seconds for Process 1 to receive.
0.000056 seconds for Process 1 to receive.
0.000053 seconds for Process 1 to receive.
0.000055 seconds for Process 1 to receive.
0.000056 seconds for Process 1 to receive.
0.000055 seconds for Process 1 to receive.
0.000055 seconds for Process 1 to receive.
0.000078 seconds for Process 1 to receive.
0.000057 seconds for Process 1 to receive.
0.000054 seconds for Process 1 to receive.
0.000055 seconds for Process 1 to receive.
0.000053 seconds for Process 1 to receive.
0.000052 seconds for Process 1 to receive.
0.000055 seconds for Process 1 to receive.
0.000052 seconds for Process 1 to receive.
0.000055 seconds for Process 1 to receive.
0.000053 seconds for Process 1 to receive.
0.000055 seconds for Process 1 to receive.
0.000056 seconds for Process 1 to receive.
0.000056 seconds for Process 1 to receive.
0.000054 seconds for Process 1 to receive.
0.000056 seconds for Process 1 to receive.
0.000055 seconds for Process 1 to receive.
0.000055 seconds for Process 1 to receive.
0.000054 seconds for Process 1 to receive.
0.000054 seconds for Process 1 to receive.
0.000055 seconds for Process 1 to receive.
0.000054 seconds for Process 1 to receive.
0.000052 seconds for Process 1 to receive.
0.000054 seconds for Process 1 to receive.
0.000053 seconds for Process 1 to receive.
0.000055 seconds for Process 1 to receive.
0.000055 seconds for Process 1 to receive.
0.000056 seconds for Process 1 to receive.
0.000055 seconds for Process 1 to receive.
0.000055 seconds for Process 1 to receive.
0.000054 seconds for Process 1 to receive.
0.000070 seconds for Process 1 to receive.
0.000041 seconds for Process 1 to receive.
0.000055 seconds for Process 1 to receive.
0.000054 seconds for Process 1 to receive.
0.000053 seconds for Process 1 to receive.
0.000054 seconds for Process 1 to receive.
0.000054 seconds for Process 1 to receive.
0.000053 seconds for Process 1 to receive.
0.000056 seconds for Process 1 to receive.
0.000054 seconds for Process 1 to receive.
0.000054 seconds for Process 1 to receive.
0.000056 seconds for Process 1 to receive.
0.000055 seconds for Process 1 to receive.
0.000054 seconds for Process 1 to receive.
0.000054 seconds for Process 1 to receive.
0.000054 seconds for Process 1 to receive.
0.000055 seconds for Process 1 to receive.
0.000056 seconds for Process 1 to receive.
0.000054 seconds for Process 1 to receive.
0.000054 seconds for Process 1 to receive.
0.000054 seconds for Process 1 to receive.
0.000053 seconds for Process 1 to receive.
0.000053 seconds for Process 1 to receive.
0.000055 seconds for Process 1 to receive.
0.000054 seconds for Process 1 to receive.
0.000055 seconds for Process 1 to receive.
0.000056 seconds for Process 1 to receive.
0.000055 seconds for Process 1 to receive.
0.000056 seconds for Process 1 to receive.
0.000057 seconds for Process 1 to receive.
0.000059 seconds for Process 1 to receive.
0.000041 seconds for Process 1 to receive.
0.000055 seconds for Process 1 to receive.
0.000054 seconds for Process 1 to receive.
0.000053 seconds for Process 1 to receive.

everything send correctly 
