2000 Byte are send
0.050000 load average last 15 minutes 
0.010000 load average last 5 minutes
0.000000 load average last minute
CPU time used = 0.000000
0.026161 seconds for Process 0 to send.
0.029183 seconds for Process 0 to send.
0.000024 seconds for Process 0 to send.
0.000002 seconds for Process 0 to send.
0.000004 seconds for Process 0 to send.
0.000003 seconds for Process 0 to send.
0.000002 seconds for Process 0 to send.
0.000002 seconds for Process 0 to send.
0.000002 seconds for Process 0 to send.
0.000002 seconds for Process 0 to send.
0.000226 seconds for Process 0 to send.
0.000001 seconds for Process 0 to send.
0.000000 seconds for Process 0 to send.
0.000001 seconds for Process 0 to send.
0.000001 seconds for Process 0 to send.
0.000001 seconds for Process 0 to send.
0.000001 seconds for Process 0 to send.
0.000001 seconds for Process 0 to send.
0.000001 seconds for Process 0 to send.
0.000001 seconds for Process 0 to send.
0.000001 seconds for Process 0 to send.
0.000001 seconds for Process 0 to send.
0.000001 seconds for Process 0 to send.
0.000001 seconds for Process 0 to send.
0.000001 seconds for Process 0 to send.
0.000001 seconds for Process 0 to send.
0.000001 seconds for Process 0 to send.
0.000001 seconds for Process 0 to send.
0.000001 seconds for Process 0 to send.
0.000001 seconds for Process 0 to send.
0.000001 seconds for Process 0 to send.
0.000001 seconds for Process 0 to send.
0.000001 seconds for Process 0 to send.
0.000001 seconds for Process 0 to send.
0.000001 seconds for Process 0 to send.
0.000000 seconds for Process 0 to send.
0.000000 seconds for Process 0 to send.
0.000001 seconds for Process 0 to send.
0.000001 seconds for Process 0 to send.
0.000000 seconds for Process 0 to send.
0.000000 seconds for Process 0 to send.
0.000001 seconds for Process 0 to send.
0.000229 seconds for Process 0 to send.
0.000003 seconds for Process 0 to send.
0.000002 seconds for Process 0 to send.
0.000001 seconds for Process 0 to send.
0.000001 seconds for Process 0 to send.
0.000000 seconds for Process 0 to send.
0.000001 seconds for Process 0 to send.
0.000002 seconds for Process 0 to send.
0.000001 seconds for Process 0 to send.
0.000001 seconds for Process 0 to send.
0.000001 seconds for Process 0 to send.
0.000001 seconds for Process 0 to send.
0.000001 seconds for Process 0 to send.
0.000001 seconds for Process 0 to send.
0.000001 seconds for Process 0 to send.
0.000001 seconds for Process 0 to send.
0.000001 seconds for Process 0 to send.
0.000001 seconds for Process 0 to send.
0.000001 seconds for Process 0 to send.
0.000001 seconds for Process 0 to send.
0.000001 seconds for Process 0 to send.
0.000001 seconds for Process 0 to send.
0.000001 seconds for Process 0 to send.
0.000001 seconds for Process 0 to send.
0.000015 seconds for Process 0 to send.
0.000001 seconds for Process 0 to send.
0.000001 seconds for Process 0 to send.
0.000001 seconds for Process 0 to send.
0.000001 seconds for Process 0 to send.
0.000001 seconds for Process 0 to send.
0.000001 seconds for Process 0 to send.
0.000001 seconds for Process 0 to send.
0.000000 seconds for Process 0 to send.
0.000000 seconds for Process 0 to send.
0.000001 seconds for Process 0 to send.
0.000001 seconds for Process 0 to send.
0.000001 seconds for Process 0 to send.
0.000001 seconds for Process 0 to send.
0.000001 seconds for Process 0 to send.
0.000001 seconds for Process 0 to send.
0.000001 seconds for Process 0 to send.
0.000001 seconds for Process 0 to send.
0.000001 seconds for Process 0 to send.
0.000001 seconds for Process 0 to send.
0.000001 seconds for Process 0 to send.
0.000001 seconds for Process 0 to send.
0.000001 seconds for Process 0 to send.
0.000002 seconds for Process 0 to send.
0.000001 seconds for Process 0 to send.
0.000001 seconds for Process 0 to send.
0.000001 seconds for Process 0 to send.
0.000001 seconds for Process 0 to send.
0.000001 seconds for Process 0 to send.
0.000001 seconds for Process 0 to send.
0.000001 seconds for Process 0 to send.
0.000001 seconds for Process 0 to send.
0.000001 seconds for Process 0 to send.
0.025859 seconds for Process 1 to receive.
0.029174 seconds for Process 1 to receive.
0.000042 seconds for Process 1 to receive.
0.000002 seconds for Process 1 to receive.
0.000005 seconds for Process 1 to receive.
0.000004 seconds for Process 1 to receive.
0.000003 seconds for Process 1 to receive.
0.000003 seconds for Process 1 to receive.
0.000003 seconds for Process 1 to receive.
0.000003 seconds for Process 1 to receive.
0.000228 seconds for Process 1 to receive.
0.000002 seconds for Process 1 to receive.
0.000009 seconds for Process 1 to receive.
0.000002 seconds for Process 1 to receive.
0.000002 seconds for Process 1 to receive.
0.000002 seconds for Process 1 to receive.
0.000002 seconds for Process 1 to receive.
0.000001 seconds for Process 1 to receive.
0.000002 seconds for Process 1 to receive.
0.000002 seconds for Process 1 to receive.
0.000001 seconds for Process 1 to receive.
0.000002 seconds for Process 1 to receive.
0.000001 seconds for Process 1 to receive.
0.000001 seconds for Process 1 to receive.
0.000002 seconds for Process 1 to receive.
0.000002 seconds for Process 1 to receive.
0.000001 seconds for Process 1 to receive.
0.000001 seconds for Process 1 to receive.
0.000001 seconds for Process 1 to receive.
0.000001 seconds for Process 1 to receive.
0.000002 seconds for Process 1 to receive.
0.000002 seconds for Process 1 to receive.
0.000001 seconds for Process 1 to receive.
0.000002 seconds for Process 1 to receive.
0.000001 seconds for Process 1 to receive.
0.000001 seconds for Process 1 to receive.
0.000002 seconds for Process 1 to receive.
0.000001 seconds for Process 1 to receive.
0.000003 seconds for Process 1 to receive.
0.000001 seconds for Process 1 to receive.
0.000002 seconds for Process 1 to receive.
0.000003 seconds for Process 1 to receive.
0.000231 seconds for Process 1 to receive.
0.000012 seconds for Process 1 to receive.
0.000019 seconds for Process 1 to receive.
0.000002 seconds for Process 1 to receive.
0.000002 seconds for Process 1 to receive.
0.000002 seconds for Process 1 to receive.
0.000002 seconds for Process 1 to receive.
0.000002 seconds for Process 1 to receive.
0.000002 seconds for Process 1 to receive.
0.000002 seconds for Process 1 to receive.
0.000002 seconds for Process 1 to receive.
0.000002 seconds for Process 1 to receive.
0.000002 seconds for Process 1 to receive.
0.000001 seconds for Process 1 to receive.
0.000002 seconds for Process 1 to receive.
0.000002 seconds for Process 1 to receive.
0.000002 seconds for Process 1 to receive.
0.000002 seconds for Process 1 to receive.
0.000002 seconds for Process 1 to receive.
0.000002 seconds for Process 1 to receive.
0.000003 seconds for Process 1 to receive.
0.000002 seconds for Process 1 to receive.
0.000002 seconds for Process 1 to receive.
0.000002 seconds for Process 1 to receive.
0.000010 seconds for Process 1 to receive.
0.000007 seconds for Process 1 to receive.
0.000002 seconds for Process 1 to receive.
0.000003 seconds for Process 1 to receive.
0.000001 seconds for Process 1 to receive.
0.000001 seconds for Process 1 to receive.
0.000002 seconds for Process 1 to receive.
0.000002 seconds for Process 1 to receive.
0.000002 seconds for Process 1 to receive.
0.000002 seconds for Process 1 to receive.
0.000001 seconds for Process 1 to receive.
0.000001 seconds for Process 1 to receive.
0.000001 seconds for Process 1 to receive.
0.000001 seconds for Process 1 to receive.
0.000002 seconds for Process 1 to receive.
0.000002 seconds for Process 1 to receive.
0.000002 seconds for Process 1 to receive.
0.000002 seconds for Process 1 to receive.
0.000001 seconds for Process 1 to receive.
0.000002 seconds for Process 1 to receive.
0.000001 seconds for Process 1 to receive.
0.000002 seconds for Process 1 to receive.
0.000002 seconds for Process 1 to receive.
0.000002 seconds for Process 1 to receive.
0.000001 seconds for Process 1 to receive.
0.000001 seconds for Process 1 to receive.
0.000001 seconds for Process 1 to receive.
0.000002 seconds for Process 1 to receive.
0.000002 seconds for Process 1 to receive.
0.000002 seconds for Process 1 to receive.
0.000002 seconds for Process 1 to receive.
0.000001 seconds for Process 1 to receive.
0.000002 seconds for Process 1 to receive.

everything send correctly 
