5.11.2013 - 11:46
1024 Byte are send 2500000 times
0.180000 load average last 15 minutes 
0.200000 load average last 5 minutes
0.630000 load average last minute
CPU time used = 0.000000
6.932567 seconds for Process 0 to send.
7.642272 seconds for Process 0 to send.
6.600083 seconds for Process 0 to send.
4.858749 seconds for Process 0 to send.
3.787183 seconds for Process 0 to send.
5.256399 seconds for Process 0 to send.
6.515740 seconds for Process 0 to send.
8.909141 seconds for Process 0 to send.
7.790019 seconds for Process 0 to send.
6.933043 seconds for Process 1 to receive.
7.642275 seconds for Process 1 to receive.
6.600084 seconds for Process 1 to receive.
4.858774 seconds for Process 1 to receive.
3.787142 seconds for Process 1 to receive.
5.256413 seconds for Process 1 to receive.
6.515831 seconds for Process 1 to receive.
8.909095 seconds for Process 1 to receive.
7.790010 seconds for Process 1 to receive.

everything send correctly 
