# Prozess 0 von 2 on node0 
sendmode = 1, startPackageSize = 128, cutoff = 5000 
# start Packagesize: 128 cutoff 5000
# Prozess 1 von 2 on node1 
sendmode = 1, startPackageSize = 128, cutoff = 5000 
# start Packagesize: 128 cutoff 5000
#sendmode: Send
#13.12.2013 - 11:36
# repeats  packagesize time sendbandwidth varianz receivebandwidth varianz load last: 1min 5min 15min 
5000000 512 2.252684 1136422165.882301 0.004795 1136421083.397972 0.004797 - 0.390000 0.230000 0.130000 
#sendmode: Send
3333333 768 206.617313 12390054.365880 0.168202 12390049.178911 0.168174 - 1.050000 1.000000 0.910000 
#sendmode: Send
2222222 1152 115.904387 22087168.750509 20.534926 22087148.096265 20.534957 - 1.000000 1.000000 0.950000 
#sendmode: Send
1481481 1728 90.292893 28352166.986633 13.878770 28352151.894067 13.878789 - 1.000000 1.000000 0.950000 
#sendmode: Send
987654 2592 61.069910 41919157.501982 0.086140 41919123.707557 0.086106 - 1.000000 1.000000 0.950000 
#sendmode: Send
658436 3888 63.937336 40039190.675979 0.093773 40039161.457247 0.093794 - 1.000000 1.000000 0.950000 
#sendmode: Send
438957 5832 25.361248 100941296.866051 0.094293 100941115.808787 0.094327 - 1.030000 1.010000 0.960000 
#sendmode: Send
292638 8748 10.429033 245468318.719333 0.058685 245466618.958714 0.058715 - 1.010000 1.010000 0.960000 
195121 13120 2.088450 1225783497.786282 0.000346 1225756420.747699 0.000343 - 1.000000 1.010000 0.960000 
#sendmode: Send
130081 19680 1.644564 1556639886.307014 0.000574 1556636659.205849 0.000575 - 1.000000 1.010000 0.960000 
#sendmode: Send
