# Prozess 0 von 2 on node4 
sendmode = 1, startPackageSize = 32768, cutoff = 1000000000 
# start Packagesize: 32768 cutoff 1000000000
# Prozess 1 von 2 on node5 
sendmode = 1, startPackageSize = 32768, cutoff = 1000000000 
# start Packagesize: 32768 cutoff 1000000000
#16.12.2013 - 10:54
# repeats  packagesize time sendbandwidth varianz receivebandwidth varianz load last: 1min 5min 15min 
19531 131072 0.925445 2766200495.637642 0.002236 2766144126.598478 0.002254 - 0.160000 0.080000 0.260000 
13020 196608 0.827208 3094549233.108615 0.000053 3094221489.626328 0.000086 - 0.220000 0.090000 0.260000 
8680 294912 0.774473 3305263404.486466 0.000028 3305093691.989763 0.000049 - 0.340000 0.120000 0.270000 
5787 442368 0.738261 3467585099.694514 0.000030 3467390705.836389 0.000065 - 0.440000 0.150000 0.280000 
3858 663552 0.711297 3599035850.627834 0.000017 3598721501.881655 0.000078 - 0.490000 0.170000 0.280000 
2572 995328 0.696665 3674624530.423722 0.000021 3674120443.624144 0.000114 - 0.530000 0.180000 0.280000 
1714 1492992 0.854973 2993063003.413412 0.003982 2992576899.737914 0.004006 - 0.600000 0.210000 0.290000 
1143 2239488 0.872488 2933833725.958425 0.001174 2933173828.373823 0.001380 - 0.660000 0.230000 0.300000 
762 3359232 0.879792 2909476121.816299 0.001929 2908279824.099141 0.002314 - 0.710000 0.260000 0.310000 
508 5038848 0.843515 3034604970.745511 0.000078 3033116514.284025 0.000567 - 0.740000 0.270000 0.310000 
338 7558272 0.804163 3176840413.136386 0.001220 3173818376.001490 0.001746 - 0.780000 0.290000 0.320000 
225 11337408 0.768627 3318794705.307583 0.000377 3314224594.392818 0.001618 - 0.800000 0.310000 0.320000 
150 17006112 0.765969 3330315483.049423 0.000507 3322813591.241203 0.002393 - 0.830000 0.330000 0.330000 
100 25509168 0.758856 3361530470.032504 0.000664 3348899046.162716 0.003572 - 0.850000 0.350000 0.340000 
66 38263752 0.747535 3378313394.881927 0.000866 3358462045.836304 0.005347 - 0.870000 0.360000 0.340000 
44 57395628 0.741793 3404464690.353748 0.001222 3373703561.818923 0.007997 - 0.890000 0.380000 0.350000 
29 86093440 0.734107 3401015954.537361 0.001795 3345226865.906180 0.011840 - 0.890000 0.390000 0.350000 
19 129140160 0.722092 3397992574.148778 0.002481 3326648419.041418 0.017857 - 0.910000 0.410000 0.360000 
13 193710240 0.742371 3392149160.334436 0.003842 3289256937.578313 0.026965 - 0.920000 0.430000 0.360000 
8 290565360 0.689186 3372853773.809621 0.005910 3211437382.409209 0.040562 - 0.940000 0.450000 0.370000 
5 435848040 0.649901 3353189624.866529 0.008688 3103407998.012275 0.060736 - 0.950000 0.470000 0.380000 
3 653772060 0.591988 3313101960.964005 0.012973 2925973584.446844 0.090867 - 0.950000 0.490000 0.380000 
2 980658088 0.600382 3266783068.972641 0.019282 2729572734.607998 0.136514 - 0.970000 0.520000 0.400000 
1 1470987132 0.461538 3187141445.558072 0.029457 2193589638.306131 0.199907 - 0.970000 0.540000 0.410000 
1 2206480696 0.703574 3136102746.721593 0.043272 2273706851.782522 0.307875 - 0.980000 0.590000 0.430000 
0 3309721044 0.000001 0.000000 0.000000 0.000000 0.000001 - 0.990000 0.630000 0.440000 
