# Prozess 0 von 2 on node4 
sendmode = 2, startPackageSize = 32768, cutoff = 1000000000 
# start Packagesize: 32768 cutoff 1000000000
# Prozess 1 von 2 on node5 
sendmode = 2, startPackageSize = 32768, cutoff = 1000000000 
# start Packagesize: 32768 cutoff 1000000000
#16.12.2013 - 10:36
# repeats  packagesize time sendbandwidth varianz receivebandwidth varianz load last: 1min 5min 15min 
19531 131072 0.916380 2793565149.479803 0.002320 2793515218.248961 0.002336 - 0.160000 0.120000 0.430000 
13020 196608 0.820986 3118001630.982695 0.000036 3117652153.477767 0.000077 - 0.290000 0.150000 0.440000 
8680 294912 0.774986 3303072726.836408 0.000120 3302911977.369654 0.000114 - 0.340000 0.170000 0.440000 
5787 442368 0.738936 3464417608.000684 0.000025 3464217086.620599 0.000054 - 0.440000 0.190000 0.450000 
3858 663552 0.711590 3597555055.768418 0.000020 3597228914.146708 0.000083 - 0.490000 0.210000 0.450000 
2572 995328 0.696641 3674750793.825150 0.000025 3674261382.875263 0.000118 - 0.570000 0.230000 0.450000 
1714 1492992 0.861309 2971047282.870665 0.000220 2970588281.844635 0.000335 - 0.600000 0.250000 0.460000 
1143 2239488 0.879005 2912083577.529016 0.001102 2911404610.060063 0.001315 - 0.660000 0.270000 0.460000 
762 3359232 0.893912 2863519252.783146 0.000869 2862225756.869416 0.001282 - 0.710000 0.290000 0.470000 
508 5038848 0.842149 3039526776.904789 0.000128 3038038045.721775 0.000566 - 0.760000 0.320000 0.480000 
338 7558272 0.808115 3161301504.020392 0.000302 3158309316.462172 0.001188 - 0.780000 0.330000 0.480000 
225 11337408 0.766165 3329461433.474957 0.000341 3324810568.667649 0.001579 - 0.810000 0.350000 0.480000 
150 17006112 0.766222 3329212793.709965 0.000446 3321662754.226083 0.002335 - 0.830000 0.360000 0.490000 
100 25509168 0.759922 3356815973.280307 0.000555 3344125711.701617 0.003481 - 0.850000 0.380000 0.490000 
66 38263752 0.746116 3384738634.171750 0.000722 3364287719.696454 0.005224 - 0.870000 0.390000 0.500000 
44 57395628 0.742402 3401669603.115633 0.001146 3370648191.552335 0.007940 - 0.890000 0.410000 0.500000 
29 86093440 0.733856 3402180228.009018 0.001720 3345600390.204523 0.011805 - 0.900000 0.430000 0.510000 
19 129140160 0.721908 3398859382.450739 0.002481 3326763805.214145 0.017956 - 0.910000 0.440000 0.510000 
13 193710240 0.741983 3393921913.691191 0.003835 3290432366.064280 0.026984 - 0.920000 0.460000 0.510000 
8 290565360 0.689115 3373199419.267721 0.006007 3210220628.576797 0.040923 - 0.940000 0.480000 0.520000 
5 435848040 0.650045 3352443224.787757 0.008857 3101373919.654279 0.061089 - 0.950000 0.500000 0.520000 
3 653772060 0.591786 3314232521.107060 0.012929 2922721938.550716 0.091420 - 0.960000 0.520000 0.530000 
2 980658088 0.599988 3268923032.778099 0.019244 2728227173.631140 0.136957 - 0.970000 0.540000 0.540000 
1 1470987132 0.461281 3188918895.908172 0.029332 2186515308.628580 0.200906 - 0.980000 0.570000 0.550000 
1 2206480696 0.701986 3143195538.034367 0.042619 2272650061.564148 0.308591 - 0.980000 0.610000 0.560000 
0 3309721044 0.000001 0.000000 0.000000 0.000000 0.000001 - 0.990000 0.640000 0.580000 
