logfile
testing ib connection for node0 node1
nodes node0 node1
0: node0: ib_write_bw -a -n 1000
1: node1: ib_write_bw -a -n 1000 node0
0: ------------------------------------------------------------------
0:                     RDMA_Write BW Test
0: Number of qp's running 1
0: Connection type : RC
0: Each Qp will post up to 100 messages each time
0: Inline data is used up to 400 bytes message
0:   local address:  LID 0x04, QPN 0x34004a, PSN 0x1ce9f RKey 0x7a0110ff VAddr 0x007f1b66e9c000
0:   remote address: LID 0x06, QPN 0x24004a, PSN 0x4ff040, RKey 0xe2011089 VAddr 0x007fcd07c0f000
0: Mtu : 2048
0: ------------------------------------------------------------------
0:  #bytes #iterations    BW peak[MB/sec]    BW average[MB/sec]  
1: ------------------------------------------------------------------
1:                     RDMA_Write BW Test
1: Number of qp's running 1
1: Connection type : RC
1: Each Qp will post up to 100 messages each time
1: Inline data is used up to 400 bytes message
1:   local address:  LID 0x06, QPN 0x24004a, PSN 0x4ff040 RKey 0xe2011089 VAddr 0x007fcd07c0f000
1:   remote address: LID 0x04, QPN 0x34004a, PSN 0x1ce9f, RKey 0x7a0110ff VAddr 0x007f1b66e9c000
1: Mtu : 2048
1: ------------------------------------------------------------------
1:  #bytes #iterations    BW peak[MB/sec]    BW average[MB/sec]  
1:       2        1000               9.24                  9.15
1:       4        1000              18.80                 18.73
1:       8        1000              38.36                 38.20
1:      16        1000              76.52                 76.29
1:      32        1000             141.03                140.33
1:      64        1000             282.06                281.16
1:     128        1000             545.23                542.72
1:     256        1000             616.05                603.39
1:     512        1000            1051.72               1051.09
1:    1024        1000            1752.56               1749.76
1:    2048        1000            2997.09               2993.90
1:    4096        1000            4680.48               4678.89
1:    8192        1000            5651.78               5649.76
1:   16384        1000            5857.18               5856.22
1:   32768        1000            5946.30               5945.89
1:   65536        1000            5993.03               5992.82
1:  131072        1000            6015.37               6014.93
1:  262144        1000            6025.44               6024.27
1:  524288        1000            5983.06               5983.04
1: 1048576        1000            5712.64               5711.85
1: 2097152        1000            5593.99               5589.53
1: 4194304        1000            5573.56               5573.25
1: 8388608        1000            5573.45               5570.20
1: ------------------------------------------------------------------
testing ib connection for node1 node2
nodes node1 node2
0: node1: ib_write_bw -a -n 1000
1: node2: ib_write_bw -a -n 1000 node1
0: ------------------------------------------------------------------
0:                     RDMA_Write BW Test
0: Number of qp's running 1
0: Connection type : RC
0: Each Qp will post up to 100 messages each time
0: Inline data is used up to 400 bytes message
0:   local address:  LID 0x06, QPN 0x26004a, PSN 0xdb771f RKey 0xe4011089 VAddr 0x007f8865948000
0:   remote address: LID 0x10, QPN 0x5c004a, PSN 0xefcc4a, RKey 0x120110e1 VAddr 0x007f632fa5b000
0: Mtu : 2048
0: ------------------------------------------------------------------
0:  #bytes #iterations    BW peak[MB/sec]    BW average[MB/sec]  
1: ------------------------------------------------------------------
1:                     RDMA_Write BW Test
1: Number of qp's running 1
1: Connection type : RC
1: Each Qp will post up to 100 messages each time
1: Inline data is used up to 400 bytes message
1:   local address:  LID 0x10, QPN 0x5c004a, PSN 0xefcc4a RKey 0x120110e1 VAddr 0x007f632fa5b000
1:   remote address: LID 0x06, QPN 0x26004a, PSN 0xdb771f, RKey 0xe4011089 VAddr 0x007f8865948000
1: Mtu : 2048
1: ------------------------------------------------------------------
1:  #bytes #iterations    BW peak[MB/sec]    BW average[MB/sec]  
1:       2        1000               9.22                  9.15
1:       4        1000              19.04                 18.95
1:       8        1000              38.17                 38.02
1:      16        1000              76.14                 75.93
1:      32        1000             139.74                139.35
1:      64        1000             280.76                279.57
1:     128        1000             538.02                535.94
1:     256        1000             612.96                603.60
1:     512        1000             992.94                992.49
1:    1024        1000            1718.65               1717.32
1:    2048        1000            2947.36               2944.85
1:    4096        1000            4614.17               4610.35
1:    8192        1000            5631.42               5629.83
1:   16384        1000            5867.07               5865.83
1:   32768        1000            5949.69               5949.09
1:   65536        1000            5994.75               5994.62
1:  131072        1000            6019.86               6019.53
1:  262144        1000            5988.29               5988.26
1:  524288        1000            5888.17               5887.89
1: 1048576        1000            5670.35               5670.34
1: 2097152        1000            5602.07               5599.83
1: 4194304        1000            5580.42               5576.99
1: 8388608        1000            5574.99               5571.59
1: ------------------------------------------------------------------
